Method 'SystemVoidCosmosSystemKernelStart', ID = '0'
Method 'SystemVoidCosmosIL2CPURuntimeEngineInitializeApplication', ID = '1'
Method 'SystemVoidCosmosIL2CPURuntimeEngineFinalizeApplicationSystemInt32', ID = '2'
Method 'SystemBooleanCosmosIL2CPUVTablesImplIsInstanceSystemUInt32SystemUInt32SystemBoolean', ID = '3'
Method 'SystemVoidCosmosIL2CPUVTablesImplSetTypeInfoSystemInt32SystemUInt32SystemUInt32SystemUInt32arraySystemUInt32SystemUInt32arraySystemUInt32arraySystemUInt32SystemUInt32arraySystemUInt32array', ID = '4'
Method 'SystemVoidCosmosIL2CPUVTablesImplSetInterfaceInfoSystemInt32SystemInt32SystemUInt32', ID = '5'
Method 'SystemVoidCosmosIL2CPUVTablesImplSetMethodInfoSystemInt32SystemInt32SystemUInt32SystemUInt32', ID = '6'
Method 'SystemVoidCosmosIL2CPUVTablesImplSetInterfaceMethodInfoSystemInt32SystemInt32SystemUInt32SystemUInt32', ID = '7'
Method 'SystemUInt32CosmosIL2CPUVTablesImplGetMethodAddressForTypeSystemUInt32SystemUInt32', ID = '8'
Method 'SystemUInt32CosmosIL2CPUVTablesImplGetMethodAddressForInterfaceTypeSystemUInt32SystemUInt32', ID = '9'
Method 'SystemVoidCosmosIL2CPUExceptionHelperThrowNotImplementedSystemString', ID = '13'
Method 'SystemVoidCosmosIL2CPUExceptionHelperThrowOverflow', ID = '14'
Method 'SystemVoidCosmosIL2CPUExceptionHelperThrowInvalidOperationSystemString', ID = '15'
Method 'SystemVoidCosmosIL2CPUExceptionHelperThrowArgumentOutOfRangeSystemString', ID = '16'
Method 'SystemVoidSystemArrayctor', ID = '18'
Method 'SystemDelegatearraySystemMulticastDelegateGetInvocationList', ID = '19'
Method 'SystemVoidCosmosIL2CPUExceptionHelperThrowInvalidCastException', ID = '21'
Method 'SystemVoidCosmosIL2CPUExceptionHelperThrowNotFiniteNumberExceptionSystemDouble', ID = '22'
Method 'SystemVoidCosmosIL2CPUExceptionHelperThrowDivideByZeroException', ID = '23'
Method 'SystemVoidCosmosIL2CPUExceptionHelperThrowIndexOutOfRangeException', ID = '24'
Method 'SystemVoidAndroidSystemOSKernelctor', ID = '25'
Method 'SystemVoidCosmosDebugKernelDebuggerSendSystemString', ID = '30'
Method 'SystemVoidCosmosHALBootstrapInit', ID = '34'
Method 'CosmosHALTextScreenBaseCosmosSystemKernelGetTextScreen', ID = '35'
Method 'SystemVoidCosmosSystemGlobalInitCosmosHALTextScreenBase', ID = '36'
Method 'SystemVoidCosmosSystemKernelBeforeRun', ID = '37'
Method 'SystemVoidCosmosHALGlobalEnableInterrupts', ID = '38'
Method 'SystemVoidCosmosSystemKernelAfterRun', ID = '40'
Method 'SystemVoidCosmosIL2CPURuntimeEngineInitializeEngine', ID = '44'
Method 'SystemVoidCosmosIL2CPURuntimeEngineHeap_Initialize', ID = '45'
Method 'SystemVoidCosmosIL2CPURuntimeEngineFinalizeEngine', ID = '47'
Method 'SystemVoidCosmosIL2CPURuntimeEngineExitProcessSystemInt32', ID = '48'
Method 'SystemVoidCosmosIL2CPUVTablesImplDebugSystemString', ID = '54'
Method 'SystemVoidCosmosIL2CPUVTablesImplDebugHexSystemStringSystemUInt32', ID = '55'
Method 'SystemVoidCosmosIL2CPUVTablesImplDebugAndHaltSystemString', ID = '57'
Method 'SystemVoidCosmosDebugKernelPlugsAsmDebuggerAsmSendKernelPanicSystemUInt32', ID = '59'
Method 'SystemVoidCosmosCore_PlugsGCImplementionImplIncRefCountSystemUInt32', ID = '61'
Method 'SystemVoidCosmosCore_PlugsGCImplementionImplDecRefCountSystemUInt32', ID = '62'
Method 'SystemUInt32CosmosCore_PlugsGCImplementionImplAllocNewObjectSystemUInt32', ID = '63'
Method 'SystemVoidSystemNotImplementedExceptionctorSystemString', ID = '65'
Method 'SystemVoidSystemOverflowExceptionctorSystemString', ID = '66'
Method 'SystemVoidSystemInvalidOperationExceptionctorSystemString', ID = '67'
Method 'SystemVoidSystemArgumentOutOfRangeExceptionctorSystemString', ID = '68'
Method 'SystemDelegatearraySystemDelegateGetInvocationList', ID = '79'
Method 'SystemInt32SystemIntPtrop_ExplicitSystemIntPtr', ID = '82'
Method 'SystemVoidSystemInvalidCastExceptionctor', ID = '83'
Method 'SystemVoidSystemNotFiniteNumberExceptionctorSystemDouble', ID = '85'
Method 'SystemVoidSystemDivideByZeroExceptionctor', ID = '86'
Method 'SystemVoidSystemIndexOutOfRangeExceptionctor', ID = '87'
Method 'SystemVoidAndroidSystemOSSystemCMDctor', ID = '89'
Method 'SystemVoidCosmosSystemKernelctor', ID = '90'
Method 'SystemVoidCosmosSystemGlobalcctor', ID = '92'
Method 'SystemVoidCosmosCore_PlugsSystemExceptionImplCtorSystemString', ID = '96'
Method 'SystemVoidCosmosCoreBootstrapInit', ID = '103'
Method 'SystemVoidCosmosSystemConsolectorCosmosHALTextScreenBase', ID = '105'
Method 'SystemVoidCosmosHALGlobalInitCosmosHALTextScreenBase', ID = '107'
Method 'SystemVoidCosmosSystemGlobalset_NumLockSystemBoolean', ID = '108'
Method 'SystemVoidCosmosSystemGlobalset_CapsLockSystemBoolean', ID = '109'
Method 'SystemVoidCosmosSystemGlobalset_ScrollLockSystemBoolean', ID = '110'
Method 'SystemVoidAndroidSystemOSKernelBeforeRun', ID = '111'
Method 'SystemVoidCosmosCoreCPUEnableInterrupts', ID = '113'
Method 'SystemVoidAndroidSystemOSKernelRun', ID = '114'
Method 'SystemVoidCosmosSystem_PlugsSystemConsoleImplWriteLineSystemString', ID = '116'
Method 'SystemStringSystemValueTypeToString', ID = '117'
Method 'SystemStringSystemStringToString', ID = '118'
Method 'SystemStringSystemBooleanToString', ID = '121'
Method 'SystemStringCosmosCore_PlugsSystemObjectImplToString', ID = '124'
Method 'SystemVoidCosmosIL2CPURuntimeEnginecctor', ID = '125'
Method 'SystemVoidSystemBooleancctor', ID = '131'
Method 'SystemVoidCosmosIL2CPUVTablesImplcctor', ID = '134'
Method 'SystemVoidCosmosDebugKernelDebuggerSendNumberSystemUInt32', ID = '136'
Method 'SystemVoidCosmosCoreMemoryOldGlobalSystemInfoEnsureInitialized', ID = '144'
Method 'SystemUInt32CosmosCoreMemoryOldHeapMemAllocSystemUInt32', ID = '145'
Method 'SystemVoidSystemSystemExceptionctorSystemString', ID = '147'
Method 'SystemVoidSystemExceptionset_HResultSystemInt32', ID = '148'
Method 'SystemVoidSystemArithmeticExceptionctorSystemString', ID = '150'
Method 'SystemStringSystemSRget_Arg_ArgumentOutOfRangeException', ID = '153'
Method 'SystemVoidSystemArgumentExceptionctorSystemStringSystemString', ID = '154'
Method 'SystemVoidCosmosCore_PlugsSystemObjectImplCtor', ID = '155'
Method 'SystemStringSystemSRget_Arg_InvalidCastException', ID = '169'
Method 'SystemVoidSystemDoublecctor', ID = '170'
Method 'SystemVoidSystemArithmeticExceptionctor', ID = '174'
Method 'SystemStringSystemSRget_Arg_DivideByZero', ID = '176'
Method 'SystemStringSystemSRget_Arg_IndexOutOfRangeException', ID = '178'
Method 'SystemVoidCosmosDebugKernelDebuggerctorSystemStringSystemString', ID = '180'
Method 'SystemVoidCosmosDebugKernelPlugsAsmDebuggerAsmDoSendSystemString', ID = '182'
Method 'SystemVoidSystemExceptioncctor', ID = '183'
Method 'SystemVoidCosmosCoreINTsDummy', ID = '187'
Method 'SystemVoidCosmosCorePICctor', ID = '188'
Method 'SystemVoidCosmosHALTextScreenctor', ID = '201'
Method 'SystemVoidCosmosCoreGlobalInit', ID = '204'
Method 'SystemVoidCosmosHALPCISetup', ID = '206'
Method 'SystemVoidCosmosCoreACPIStartSystemBooleanSystemBoolean', ID = '207'
Method 'SystemVoidCosmosHALPS2ControllerInitialize', ID = '209'
Method 'SystemVoidCosmosHALBlockDeviceIDEInitDriver', ID = '210'
Method 'SystemVoidCosmosHALBlockDeviceAHCIInitDriver', ID = '211'
Method 'SystemVoidCosmosSystemKeyboardManagerset_NumLockSystemBoolean', ID = '212'
Method 'SystemVoidCosmosSystemKeyboardManagerset_CapsLockSystemBoolean', ID = '213'
Method 'SystemVoidCosmosSystemKeyboardManagerset_ScrollLockSystemBoolean', ID = '214'
Method 'SystemVoidCosmosHALGlobalcctor', ID = '215'
Method 'SystemVoidAndroidSystemOSSystemCMDStart', ID = '219'
Method 'SystemVoidSystemConsolecctor', ID = '220'
Method 'SystemStringSystemEnvironmentget_NewLine', ID = '222'
Method 'SystemStringSystemStringConcatSystemStringSystemString', ID = '223'
Method 'SystemVoidCosmosSystem_PlugsSystemConsoleImplWriteSystemString', ID = '224'
Method 'SystemStringCosmosSystem_PlugsSystemInt32ImplToString', ID = '226'
Method 'SystemStringCosmosSystem_PlugsSystemUInt32ImplToString', ID = '227'
Method 'SystemStringCosmosSystem_PlugsSystemDoubleImplToString', ID = '228'
Method 'SystemStringCosmosCore_PlugsSystemExceptionImplToString', ID = '229'
Method 'SystemUInt32CosmosCoreMemoryOldGlobalSystemInfoget_TotalDataLookupTableSize', ID = '241'
Method 'SystemBooleanCosmosCoreCPUDisableInterrupts', ID = '245'
Method 'SystemVoidCosmosCoreMemoryOldHeapEnsureIsInitialized', ID = '246'
Method 'CosmosCoreMemoryOldGlobalInformationTablepointerCosmosCoreMemoryOldGlobalSystemInfoget_GlobalInformationTable', ID = '247'
Method 'SystemBooleanCosmosCoreMemoryOldHeapScanDataLookupTableCosmosCoreMemoryOldDataLookupTablepointerSystemUInt32SystemUInt32', ID = '249'
Method 'CosmosCoreMemoryOldDataLookupEntrypointerCosmosCoreMemoryOldDataLookupTableGetEntrySystemUInt32', ID = '252'
Method 'SystemVoidCosmosCoreMemoryOldHeapClearMemorySystemVoidpointerSystemUInt32', ID = '254'
Method 'SystemStringSystemSRGetResourceStringSystemStringSystemString', ID = '259'
Method 'SystemDoubleSystemBitConverterInt64BitsToDoubleSystemInt64', ID = '262'
Method 'SystemStringSystemSRget_Arg_ArithmeticException', ID = '264'
Method 'SystemVoidCosmosCoreBootstrapcctor', ID = '266'
Method 'SystemVoidCosmosCoreINTsHandleInterrupt_DefaultCosmosCoreINTsIRQContext', ID = '269'
Method 'SystemVoidCosmosCoreINTsHandleInterrupt_00CosmosCoreINTsIRQContext', ID = '270'
Method 'SystemVoidCosmosCoreINTsHandleInterrupt_01CosmosCoreINTsIRQContext', ID = '271'
Method 'SystemVoidCosmosCoreINTsHandleInterrupt_02CosmosCoreINTsIRQContext', ID = '272'
Method 'SystemVoidCosmosCoreINTsHandleInterrupt_03CosmosCoreINTsIRQContext', ID = '273'
Method 'SystemVoidCosmosCoreINTsHandleInterrupt_04CosmosCoreINTsIRQContext', ID = '274'
Method 'SystemVoidCosmosCoreINTsHandleInterrupt_05CosmosCoreINTsIRQContext', ID = '275'
Method 'SystemVoidCosmosCoreINTsHandleInterrupt_06CosmosCoreINTsIRQContext', ID = '276'
Method 'SystemVoidCosmosCoreINTsHandleInterrupt_07CosmosCoreINTsIRQContext', ID = '277'
Method 'SystemVoidCosmosCoreINTsHandleInterrupt_08CosmosCoreINTsIRQContext', ID = '278'
Method 'SystemVoidCosmosCoreINTsHandleInterrupt_09CosmosCoreINTsIRQContext', ID = '279'
Method 'SystemVoidCosmosCoreINTsHandleInterrupt_0ACosmosCoreINTsIRQContext', ID = '280'
Method 'SystemVoidCosmosCoreINTsHandleInterrupt_0BCosmosCoreINTsIRQContext', ID = '281'
Method 'SystemVoidCosmosCoreINTsHandleInterrupt_0CCosmosCoreINTsIRQContext', ID = '282'
Method 'SystemVoidCosmosCoreINTsHandleInterrupt_0DCosmosCoreINTsIRQContext', ID = '283'
Method 'SystemVoidCosmosCoreINTsHandleInterrupt_0ECosmosCoreINTsIRQContext', ID = '284'
Method 'SystemVoidCosmosCoreINTsHandleInterrupt_0FCosmosCoreINTsIRQContext', ID = '285'
Method 'SystemVoidCosmosCoreINTsHandleInterrupt_10CosmosCoreINTsIRQContext', ID = '286'
Method 'SystemVoidCosmosCoreINTsHandleInterrupt_11CosmosCoreINTsIRQContext', ID = '287'
Method 'SystemVoidCosmosCoreINTsHandleInterrupt_12CosmosCoreINTsIRQContext', ID = '288'
Method 'SystemVoidCosmosCoreINTsHandleInterrupt_13CosmosCoreINTsIRQContext', ID = '289'
Method 'SystemVoidCosmosCoreINTsHandleInterrupt_20CosmosCoreINTsIRQContext', ID = '290'
Method 'SystemVoidCosmosCoreINTsHandleInterrupt_21CosmosCoreINTsIRQContext', ID = '291'
Method 'SystemVoidCosmosCoreINTsHandleInterrupt_22CosmosCoreINTsIRQContext', ID = '292'
Method 'SystemVoidCosmosCoreINTsHandleInterrupt_23CosmosCoreINTsIRQContext', ID = '293'
Method 'SystemVoidCosmosCoreINTsHandleInterrupt_24CosmosCoreINTsIRQContext', ID = '294'
Method 'SystemVoidCosmosCoreINTsHandleInterrupt_25CosmosCoreINTsIRQContext', ID = '295'
Method 'SystemVoidCosmosCoreINTsHandleInterrupt_26CosmosCoreINTsIRQContext', ID = '296'
Method 'SystemVoidCosmosCoreINTsHandleInterrupt_27CosmosCoreINTsIRQContext', ID = '297'
Method 'SystemVoidCosmosCoreINTsHandleInterrupt_28CosmosCoreINTsIRQContext', ID = '298'
Method 'SystemVoidCosmosCoreINTsHandleInterrupt_29CosmosCoreINTsIRQContext', ID = '299'
Method 'SystemVoidCosmosCoreINTsHandleInterrupt_2ACosmosCoreINTsIRQContext', ID = '300'
Method 'SystemVoidCosmosCoreINTsHandleInterrupt_2BCosmosCoreINTsIRQContext', ID = '301'
Method 'SystemVoidCosmosCoreINTsHandleInterrupt_2CCosmosCoreINTsIRQContext', ID = '302'
Method 'SystemVoidCosmosCoreINTsHandleInterrupt_2DCosmosCoreINTsIRQContext', ID = '303'
Method 'SystemVoidCosmosCoreINTsHandleInterrupt_2ECosmosCoreINTsIRQContext', ID = '304'
Method 'SystemVoidCosmosCoreINTsHandleInterrupt_2FCosmosCoreINTsIRQContext', ID = '305'
Method 'SystemVoidCosmosCoreINTsHandleInterrupt_30CosmosCoreINTsIRQContext', ID = '306'
Method 'SystemVoidCosmosCoreINTsHandleInterrupt_35CosmosCoreINTsIRQContext', ID = '307'
Method 'SystemVoidCosmosCoreINTsHandleInterrupt_40CosmosCoreINTsIRQContext', ID = '308'
Method 'SystemVoidCosmosCoreINTsHandleInterrupt_41CosmosCoreINTsIRQContext', ID = '309'
Method 'SystemVoidCosmosCoreINTsHandleInterrupt_42CosmosCoreINTsIRQContext', ID = '310'
Method 'SystemVoidCosmosCoreINTsHandleInterrupt_43CosmosCoreINTsIRQContext', ID = '311'
Method 'SystemVoidCosmosCoreINTsHandleInterrupt_44CosmosCoreINTsIRQContext', ID = '312'
Method 'SystemVoidCosmosCoreINTsHandleInterrupt_45CosmosCoreINTsIRQContext', ID = '313'
Method 'SystemVoidCosmosCoreINTsHandleInterrupt_46CosmosCoreINTsIRQContext', ID = '314'
Method 'SystemVoidCosmosCoreINTsHandleInterrupt_47CosmosCoreINTsIRQContext', ID = '315'
Method 'SystemVoidCosmosCoreINTsHandleInterrupt_48CosmosCoreINTsIRQContext', ID = '316'
Method 'SystemVoidCosmosCoreINTsHandleInterrupt_49CosmosCoreINTsIRQContext', ID = '317'
Method 'SystemVoidCosmosCoreIOGroupPICctorSystemBoolean', ID = '319'
Method 'SystemVoidCosmosCorePICRemapSystemByteSystemByteSystemByteSystemByte', ID = '320'
Method 'SystemVoidCosmosCore_AsmCPUImplUpdateIDTSystemBoolean', ID = '321'
Method 'SystemVoidCosmosCore_AsmCPUImplInitSSE', ID = '322'
Method 'SystemVoidCosmosCore_AsmCPUImplInitFloat', ID = '323'
Method 'SystemUInt32CosmosCore_AsmMultibootImplGetMBIAddress', ID = '325'
Method 'SystemVoidCosmosCoreIOGroupTextScreenctor', ID = '327'
Method 'SystemVoidCosmosHALTextScreenBasector', ID = '328'
Method 'SystemVoidCosmosSystem_PlugsSystemConsoleImplClear', ID = '337'
Method 'SystemVoidSystemCollectionsGenericList1anonymousTypeCosmosHALPCIDevicector', ID = '339'
Method 'SystemUInt16CosmosHALPCIDeviceGetHeaderTypeSystemUInt16SystemUInt16SystemUInt16', ID = '341'
Method 'SystemVoidCosmosHALPCICheckBusSystemUInt16', ID = '342'
Method 'SystemUInt16CosmosHALPCIDeviceGetVendorIDSystemUInt16SystemUInt16SystemUInt16', ID = '343'
Method 'SystemBooleanCosmosCoreACPIInit', ID = '345'
Method 'SystemVoidCosmosCoreACPIEnable', ID = '346'
Method 'SystemVoidCosmosHALPS2ControllerSendCommandCosmosHALPS2ControllerCommandSystemNullable1anonymousTypeSystemByte', ID = '349'
Method 'SystemByteCosmosHALPS2ControllerReadData', ID = '350'
Method 'SystemBooleanCosmosHALPS2ControllerWaitToReadData', ID = '351'
Method 'SystemVoidSystemNullable1anonymousTypeSystemBytectorSystemByte', ID = '352'
Method 'SystemBooleanCosmosHALPS2ControllerTestPortSystemByte', ID = '353'
Method 'SystemVoidCosmosHALPS2ControllerIdentifyDeviceSystemByteCosmosHALDevice', ID = '354'
Method 'SystemVoidCosmosHALBlockDeviceIDEInitializeCosmosHALBlockDeviceAtaControllerIdEnumCosmosHALBlockDeviceAtaBusPositionEnum', ID = '357'
Method 'SystemVoidCosmosHALBlockDeviceAHCIctorCosmosHALPCIDevice', ID = '360'
Method 'SystemVoidCosmosHALPITctor', ID = '365'
Method 'SystemVoidCosmosHALPS2Controllerctor', ID = '367'
Method 'SystemVoidCosmosCore_AsmCPUImplDoEnableInterrupts', ID = '368'
Method 'SystemConsoleKeySystemConsoleKeyInfoget_Key', ID = '371'
Method 'SystemBooleanSystemStringop_InequalitySystemStringSystemString', ID = '372'
Method 'SystemVoidAndroidSystemOSSelf_MethodsRemoveLstctor', ID = '373'
Method 'SystemStringAndroidSystemOSSelf_MethodsRemoveLstRemoveLstStringSystemString', ID = '374'
Method 'SystemCharSystemConsoleKeyInfoget_KeyChar', ID = '376'
Method 'SystemStringSystemCharToString', ID = '377'
Method 'SystemChararraySystemArrayEmptySystemChar', ID = '378'
Method 'SystemStringarraySystemStringSplitSystemChararray', ID = '379'
Method 'SystemVoidAndroidSystemOSSystemCMDProcessingSystemStringarray', ID = '380'
Method 'SystemVoidCosmosSystem_PlugsSystemConsoleImplcctor', ID = '384'
Method 'SystemBooleanSystemStringIsNullOrEmptySystemString', ID = '386'
Method 'SystemVoidSystemStringFillStringCheckedSystemStringSystemInt32SystemString', ID = '389'
Method 'CosmosSystemConsoleCosmosSystem_PlugsSystemConsoleImplGetConsole', ID = '390'
Method 'SystemBytearraySystemTextEncodingGetBytesSystemString', ID = '392'
Method 'SystemVoidCosmosSystemConsoleWriteSystemBytearray', ID = '393'
Method 'SystemTypeCosmosCore_PlugsSystemObjectImplGetType', ID = '395'
Method 'SystemStringCosmosCommonStringHelperGetNumberStringSystemInt32', ID = '398'
Method 'SystemStringCosmosCommonStringHelperGetNumberStringSystemUInt32', ID = '401'
Method 'SystemStringCosmosCommonStringHelperGetNumberStringSystemDouble', ID = '404'
Method 'SystemVoidCosmosCore_PlugsSystemObjectImplcctor', ID = '406'
Method 'SystemVoidCosmosDebugKernelPlugsAsmDebuggerAsmDoSendNumberSystemUInt32', ID = '407'
Method 'SystemUInt32CosmosCore_AsmCPUImplGetEndOfKernel', ID = '408'
Method 'SystemVoidCosmosCore_AsmCPUImplZeroFillSystemUInt32SystemUInt32', ID = '409'
Method 'SystemVoidCosmosCoreMemoryOldHeapcctor', ID = '410'
Method 'SystemVoidCosmosCoreMemoryOldHeapDoInitializeSystemUInt32', ID = '414'
Method 'SystemVoidSystemSRcctor', ID = '419'
Method 'SystemStringCosmosSystem_PlugsSystemIntPtrImplToString', ID = '422'
Method 'SystemVoidCosmosCoreCPUctor', ID = '425'
Method 'SystemVoidCosmosCoreINTscctor', ID = '426'
Method 'CosmosCorePICCosmosCoreGlobalget_PIC', ID = '428'
Method 'SystemVoidCosmosCorePICEoiSlave', ID = '429'
Method 'SystemVoidCosmosCorePICEoiMaster', ID = '430'
Method 'SystemVoidCosmosCoreINTsHandleExceptionSystemUInt32SystemStringSystemStringCosmosCoreINTsIRQContextSystemUInt32', ID = '431'
Method 'SystemVoidCosmosCore_AsmDelegateImplInvoke', ID = '641'
Method 'SystemVoidCosmosCoreINTsIRQSystemUInt32CosmosCoreINTsIRQContext', ID = '435'
Method 'SystemVoidCosmosCoreIOPortctorSystemUInt16', ID = '438'
Method 'SystemVoidCosmosCoreIOGroupIOGroupctor', ID = '439'
Method 'SystemByteCosmosCoreIOPortget_Byte', ID = '441'
Method 'SystemVoidCosmosCoreIOPortset_ByteSystemByte', ID = '442'
Method 'SystemVoidCosmosCoreIOPortWait', ID = '443'
Method 'SystemVoidCosmosCoreMemoryBlockctorSystemUInt32SystemUInt32', ID = '446'
Method 'SystemVoidCosmosHALDevicector', ID = '447'
Method 'SystemVoidCosmosHALTextScreenSetColorsSystemConsoleColorSystemConsoleColor', ID = '450'
Method 'SystemUInt16CosmosHALTextScreenget_Cols', ID = '452'
Method 'SystemUInt16CosmosHALTextScreenget_Rows', ID = '453'
Method 'SystemVoidCosmosHALTextScreenSetCursorSizeSystemInt32', ID = '454'
Method 'SystemVoidCosmosHALTextScreenSetCursorVisibleSystemBoolean', ID = '455'
Method 'SystemVoidCosmosCoreGlobalcctor', ID = '456'
Method 'SystemVoidCosmosSystemConsoleClear', ID = '457'
Method 'SystemUInt32CosmosHALPCIDeviceGetAddressBaseSystemUInt32SystemUInt32SystemUInt32', ID = '461'
Method 'SystemVoidCosmosCoreIOPortset_DWordSystemUInt32', ID = '464'
Method 'SystemUInt32CosmosCoreIOPortget_DWord', ID = '465'
Method 'SystemVoidCosmosHALPCIDevicectorSystemUInt32SystemUInt32SystemUInt32', ID = '466'
Method 'SystemVoidCosmosHALPCICheckFunctionCosmosHALPCIDevice', ID = '467'
Method 'SystemVoidCosmosCoreACPIcctor', ID = '468'
Method 'SystemUInt32CosmosCoreACPIRSDPAddress', ID = '469'
Method 'SystemInt32CosmosCoreACPIacpiCheckHeaderSystemBytepointerSystemString', ID = '470'
Method 'SystemInt32pointerCosmosCoreACPIfacpgetSystemInt32', ID = '472'
Method 'SystemInt32CosmosCoreACPICompareSystemStringSystemBytepointer', ID = '473'
Method 'SystemByteCosmosCoreACPIfacpbgetSystemInt32', ID = '477'
Method 'SystemStringSystemNullable1anonymousTypeSystemByteToString', ID = '488'
Method 'SystemBooleanCosmosHALPS2ControllerWaitToWrite', ID = '490'
Method 'SystemVoidCosmosCoreIOPortWriteset_ByteSystemByte', ID = '492'
Method 'SystemBooleanSystemNullable1anonymousTypeSystemByteget_HasValue', ID = '493'
Method 'SystemByteSystemNullable1anonymousTypeSystemByteget_Value', ID = '494'
Method 'SystemByteCosmosCoreIOPortReadget_Byte', ID = '495'
Method 'SystemStringCosmosCommonExtensionsToHexStringToHexSystemByte', ID = '497'
Method 'SystemStringSystemStringConcatSystemStringSystemStringSystemStringSystemString', ID = '498'
Method 'SystemStringSystemStringConcatSystemStringarray', ID = '499'
Method 'SystemStringSystemStringConcatSystemStringSystemStringSystemString', ID = '500'
Method 'SystemVoidCosmosHALPS2ControllerSendDeviceCommandCosmosHALPS2ControllerDeviceCommandSystemBooleanSystemNullable1anonymousTypeSystemByte', ID = '502'
Method 'SystemBooleanCosmosHALPS2ControllerReadByteAfterAckWithTimeoutSystemByte', ID = '503'
Method 'SystemVoidCosmosHALPS2MousectorSystemByteSystemByte', ID = '504'
Method 'SystemBooleanCosmosHALPS2ControllerReadDataWithTimeoutSystemByte', ID = '506'
Method 'SystemVoidCosmosHALPS2KeyboardctorSystemByte', ID = '507'
Method 'SystemVoidCosmosHALBlockDeviceIDEcctor', ID = '509'
Method 'SystemVoidCosmosHALBlockDeviceAtaPioctorCosmosCoreIOGroupATACosmosHALBlockDeviceAtaControllerIdEnumCosmosHALBlockDeviceAtaBusPositionEnum', ID = '514'
Method 'CosmosHALBlockDeviceAtaPioSpecLevelCosmosHALBlockDeviceAtaPioget_DriveType', ID = '515'
Method 'SystemVoidSystemCollectionsGenericList1anonymousTypeCosmosHALBlockDeviceBlockDeviceAddCosmosHALBlockDeviceBlockDevice', ID = '518'
Method 'SystemBooleanCosmosHALBlockDeviceGPTIsGPTPartitionCosmosHALBlockDeviceBlockDevice', ID = '521'
Method 'SystemVoidCosmosHALBlockDeviceGPTctorCosmosHALBlockDeviceBlockDevice', ID = '522'
Method 'SystemInt32SystemCollectionsGenericList1anonymousTypeCosmosHALBlockDeviceGPTGPartInfoget_Count', ID = '524'
Method 'SystemVoidCosmosDebugKernelDebuggerSendNumberSystemInt32', ID = '525'
Method 'CosmosHALBlockDeviceGPTGPartInfoSystemCollectionsGenericList1anonymousTypeCosmosHALBlockDeviceGPTGPartInfoget_ItemSystemInt32', ID = '526'
Method 'SystemVoidCosmosHALBlockDevicePartitionctorCosmosHALBlockDeviceBlockDeviceSystemUInt64SystemUInt64', ID = '528'
Method 'SystemVoidCosmosHALBlockDeviceMBRctorSystemBytearray', ID = '530'
Method 'SystemVoidCosmosHALBlockDeviceEBRctorSystemBytearray', ID = '532'
Method 'SystemInt32SystemCollectionsGenericList1anonymousTypeCosmosHALBlockDeviceEBRPartInfoget_Count', ID = '534'
Method 'SystemInt32SystemCollectionsGenericList1anonymousTypeCosmosHALBlockDeviceMBRPartInfoget_Count', ID = '535'
Method 'CosmosHALBlockDeviceMBRPartInfoSystemCollectionsGenericList1anonymousTypeCosmosHALBlockDeviceMBRPartInfoget_ItemSystemInt32', ID = '536'
Method 'SystemVoidCosmosHALBlockDeviceAHCIcctor', ID = '538'
Method 'SystemVoidCosmosHALPCIDeviceEnableBusMasterSystemBoolean', ID = '539'
Method 'SystemVoidCosmosHALPCIDeviceEnableMemorySystemBoolean', ID = '540'
Method 'SystemUInt32CosmosHALPCIBaseAddressBarget_BaseAddress', ID = '541'
Method 'SystemVoidCosmosHALBlockDeviceRegistersGenericRegistersctorSystemUInt32', ID = '543'
Method 'SystemUInt32CosmosHALBlockDeviceRegistersGenericRegistersget_GlobalHostControl', ID = '545'
Method 'SystemVoidCosmosHALBlockDeviceRegistersGenericRegistersset_GlobalHostControlSystemUInt32', ID = '546'
Method 'SystemVoidCosmosHALBlockDeviceAHCIGetCapabilities', ID = '547'
Method 'SystemVoidSystemCollectionsGenericList1anonymousTypeCosmosHALBlockDevicePortsStoragePortset_CapacitySystemInt32', ID = '550'
Method 'SystemVoidCosmosHALBlockDeviceAHCIGetPorts', ID = '551'
Method 'SystemCollectionsGenericList1EnumeratoranonymousTypeCosmosHALBlockDevicePortsStoragePortSystemCollectionsGenericList1anonymousTypeCosmosHALBlockDevicePortsStoragePortGetEnumerator', ID = '552'
Method 'CosmosHALBlockDevicePortsStoragePortSystemCollectionsGenericList1EnumeratoranonymousTypeCosmosHALBlockDevicePortsStoragePortget_Current', ID = '553'
Method 'SystemBooleanSystemCollectionsGenericList1EnumeratoranonymousTypeCosmosHALBlockDevicePortsStoragePortMoveNext', ID = '560'
Method 'SystemVoidCosmosSystemKeyboardManagercctor', ID = '563'
Method 'SystemVoidSystemCollectionsGenericList1anonymousTypeCosmosHALPITPITTimerctor', ID = '565'
Method 'SystemVoidCosmosHALPITHandleIRQCosmosCoreINTsIRQContext', ID = '566'
Method 'SystemVoidCosmosCore_AsmDelegateImplCtorSystemObjectSystemIntPtr', ID = '801'
Method 'SystemVoidCosmosCoreINTsSetIrqHandlerSystemByteCosmosCoreINTsIRQDelegate', ID = '568'
Method 'SystemVoidCosmosHALPITset_T0CountdownSystemUInt16', ID = '569'
Method 'SystemConsoleKeyInfoCosmosSystem_PlugsSystemConsoleImplReadKey', ID = '571'
Method 'SystemBooleanSystemStringEqualsSystemStringSystemString', ID = '573'
Method 'SystemVoidCosmosSystem_PlugsSystemConsoleImplWriteLine', ID = '576'
Method 'SystemStringSystemCharToStringSystemChar', ID = '578'
Method 'SystemStringarraySystemStringSplitInternalSystemChararraySystemInt32SystemStringSplitOptions', ID = '583'
Method 'SystemBooleanSystemStringop_EqualitySystemStringSystemString', ID = '584'
Method 'SystemVoidAndroidSystemOSCommandsHelpctor', ID = '585'
Method 'SystemVoidAndroidSystemOSCommandsCalculatorctorSystemStringarray', ID = '586'
Method 'SystemVoidAndroidSystemOSCommandsErrorctorSystemInt32', ID = '587'
Method 'SystemVoidAndroidSystemOSCommandsExitctor', ID = '588'
Method 'SystemTextEncodingSystemTextEncodingget_ASCII', ID = '591'
Method 'SystemInt32CosmosCore_PlugsSystemStringImplget_LengthSystemInt32', ID = '595'
Method 'SystemStringCosmosCore_PlugsSystemStringImplFastAllocateStringSystemInt32', ID = '596'
Method 'SystemVoidSystemStringwstrcpySystemCharpointerSystemCharpointerSystemInt32', ID = '597'
Method 'SystemStringSystemSRget_ArgumentNull_String', ID = '600'
Method 'SystemVoidSystemArgumentNullExceptionctorSystemStringSystemString', ID = '601'
Method 'SystemInt32SystemTextEncodingGetByteCountSystemString', ID = '602'
Method 'SystemInt32SystemTextEncodingGetBytesSystemStringSystemInt32SystemInt32SystemBytearraySystemInt32', ID = '603'
Method 'SystemVoidCosmosSystemConsoleDoLineFeed', ID = '604'
Method 'SystemVoidCosmosSystemConsoleDoCarriageReturn', ID = '605'
Method 'SystemVoidCosmosSystemConsoleDoTab', ID = '606'
Method 'SystemVoidCosmosSystemConsoleWriteSystemByte', ID = '607'
Method 'SystemStringSystemTypeToString', ID = '610'
Method 'SystemVoidCosmosCoreCosmosRuntimeTypectorSystemUInt32', ID = '614'
Method 'SystemInt64SystemBitConverterDoubleToInt64BitsSystemDouble', ID = '616'
Method 'SystemStringSystemStringSubstringSystemInt32SystemInt32', ID = '620'
Method 'SystemStringSystemArgumentOutOfRangeExceptionget_Message', ID = '621'
Method 'SystemStringSystemArgumentExceptionget_Message', ID = '622'
Method 'SystemStringCosmosCore_PlugsSystemExceptionImplget_Message', ID = '623'
Method 'SystemVoidCosmosCore_AsmCPUImplDoDisableInterrupts', ID = '624'
Method 'SystemUInt32CosmosCore_AsmCPUImplGetAmountOfRAM', ID = '625'
Method 'SystemStringCosmosCore_PlugsSystemSRImplInternalGetResourceStringSystemString', ID = '629'
Method 'SystemBooleanCosmosCore_PlugsSystemStringImplEqualsSystemStringSystemStringComparison', ID = '631'
Method 'SystemVoidSystemBitConvertercctor', ID = '636'
Method 'SystemVoidCosmosCoreINTsPutErrorCharSystemInt32SystemInt32SystemChar', ID = '639'
Method 'SystemVoidCosmosCoreINTsPutErrorStringSystemInt32SystemInt32SystemString', ID = '640'
Method 'SystemVoidCosmosCoreIOPortBasectorSystemUInt16', ID = '643'
Method 'SystemVoidCosmosCoreMemoryBlock08ctorSystemUInt32SystemUInt32', ID = '649'
Method 'SystemVoidCosmosCoreMemoryBlock16ctorSystemUInt32SystemUInt32', ID = '650'
Method 'SystemVoidCosmosCoreMemoryBlock32ctorSystemUInt32SystemUInt32', ID = '651'
Method 'SystemVoidCosmosCoreBaseIOGroupsctor', ID = '658'
Method 'SystemVoidCosmosSystemConsoleUpdateCursor', ID = '660'
Method 'SystemVoidSystemCollectionsGenericList1anonymousTypeCosmosHALPCIDevicecctor', ID = '661'
Method 'SystemVoidCosmosHALPCIDevicecctor', ID = '667'
Method 'SystemUInt16CosmosHALPCIDeviceReadRegister16SystemByte', ID = '670'
Method 'SystemByteCosmosHALPCIDeviceReadRegister8SystemByte', ID = '671'
Method 'SystemVoidCosmosHALPCIDeviceset_InterruptLineSystemByte', ID = '672'
Method 'SystemUInt32CosmosHALPCIDeviceReadRegister32SystemByte', ID = '674'
Method 'SystemVoidCosmosHALPCIBaseAddressBarctorSystemUInt32', ID = '675'
Method 'SystemVoidSystemCollectionsGenericList1anonymousTypeCosmosHALPCIDeviceAddCosmosHALPCIDevice', ID = '676'
Method 'SystemBooleanCosmosCoreACPICheck_RSDSystemUInt32', ID = '678'
Method 'SystemVoidSystemThrowHelperThrowInvalidOperationExceptionSystemExceptionResource', ID = '682'
Method 'SystemStringCosmosSystem_PlugsSystemByteImplToString', ID = '684'
Method 'SystemStringCosmosCommonExtensionsToHexStringConvertToHexSystemUInt32SystemInt32', ID = '686'
Method 'SystemVoidSystemArgumentNullExceptionctorSystemString', ID = '687'
Method 'SystemObjectSystemArrayClone', ID = '689'
Method 'SystemBooleanCosmosHALPS2ControllerWaitForAck', ID = '691'
Method 'SystemVoidCosmosHALMouseBasector', ID = '694'
Method 'SystemVoidCosmosHALPS2MouseInitialize', ID = '696'
Method 'SystemVoidCosmosHALKeyboardBasector', ID = '698'
Method 'SystemVoidCosmosHALPS2KeyboardInitialize', ID = '700'
Method 'CosmosHALPCIDeviceCosmosHALPCIGetDeviceClassCosmosHALClassIDCosmosHALSubclassID', ID = '701'
Method 'SystemVoidCosmosCoreBaseIOGroupscctor', ID = '702'
Method 'SystemVoidCosmosHALBlockDeviceAtactor', ID = '705'
Method 'CosmosHALBlockDeviceAtaPioSpecLevelCosmosHALBlockDeviceAtaPioDiscoverDrive', ID = '706'
Method 'SystemVoidCosmosHALBlockDeviceAtaPioInitDrive', ID = '707'
Method 'SystemVoidCosmosHALBlockDeviceBlockDevicecctor', ID = '709'
Method 'SystemVoidSystemCollectionsGenericList1anonymousTypeCosmosHALBlockDeviceBlockDeviceAddWithResizeCosmosHALBlockDeviceBlockDevice', ID = '711'
Method 'SystemVoidCosmosHALBlockDeviceAtacctor', ID = '712'
Method 'SystemStringCosmosHALBlockDeviceAtaToString', ID = '713'
Method 'SystemUInt64SystemBitConverterToUInt64SystemBytearraySystemInt32', ID = '714'
Method 'SystemVoidSystemCollectionsGenericList1anonymousTypeCosmosHALBlockDeviceGPTGPartInfoctor', ID = '715'
Method 'SystemUInt32SystemBitConverterToUInt32SystemBytearraySystemInt32', ID = '716'
Method 'SystemVoidCosmosHALBlockDeviceGPTParseParitionSystemBytearraySystemUInt32', ID = '717'
Method 'SystemVoidSystemThrowHelperThrowArgumentOutOfRange_IndexException', ID = '720'
Method 'SystemVoidCosmosHALBlockDeviceBlockDevicector', ID = '723'
Method 'SystemUInt64CosmosHALBlockDeviceBlockDeviceget_BlockSize', ID = '724'
Method 'SystemVoidCosmosHALBlockDeviceAtaPioReadBlockSystemUInt64SystemUInt64SystemBytearray', ID = '726'
Method 'SystemVoidCosmosHALBlockDevicePartitionReadBlockSystemUInt64SystemUInt64SystemBytearray', ID = '727'
Method 'SystemVoidSystemCollectionsGenericList1anonymousTypeCosmosHALBlockDeviceMBRPartInfoctor', ID = '728'
Method 'SystemVoidCosmosHALBlockDeviceMBRParsePartitionSystemBytearraySystemUInt32', ID = '729'
Method 'SystemVoidSystemCollectionsGenericList1anonymousTypeCosmosHALBlockDeviceEBRPartInfoctor', ID = '730'
Method 'SystemVoidCosmosHALBlockDeviceEBRParsePartitionSystemBytearraySystemUInt32', ID = '731'
Method 'CosmosHALPCIDeviceCosmosHALPCIGetDeviceClassCosmosHALClassIDCosmosHALSubclassIDCosmosHALProgramIF', ID = '734'
Method 'SystemVoidSystemCollectionsGenericList1anonymousTypeCosmosHALBlockDevicePortsStoragePortctor', ID = '735'
Method 'SystemVoidCosmosHALPCIDeviceWriteRegister16SystemByteSystemUInt16', ID = '736'
Method 'SystemUInt32CosmosCoreMemoryBlockget_ItemSystemUInt32', ID = '738'
Method 'SystemVoidCosmosCoreMemoryBlockset_ItemSystemUInt32SystemUInt32', ID = '739'
Method 'SystemUInt32CosmosHALBlockDeviceRegistersGenericRegistersget_Capabilities', ID = '740'
Method 'SystemVoidSystemThrowHelperThrowArgumentOutOfRangeExceptionSystemExceptionArgumentSystemExceptionResource', ID = '761'
Method 'SystemVoidSystemArrayCopySystemArraySystemInt32SystemArraySystemInt32SystemInt32', ID = '763'
Method 'SystemUInt32CosmosHALBlockDeviceRegistersGenericRegistersget_ImplementedPorts', ID = '765'
Method 'SystemVoidCosmosHALBlockDeviceRegistersPortRegistersctorSystemUInt32SystemUInt32', ID = '766'
Method 'CosmosHALBlockDeviceRegistersPortTypeCosmosHALBlockDeviceAHCICheckPortTypeCosmosHALBlockDeviceRegistersPortRegisters', ID = '767'
Method 'SystemStringSystemStringPadLeftSystemInt32SystemChar', ID = '769'
Method 'SystemVoidCosmosHALBlockDeviceAHCIPortRebaseCosmosHALBlockDeviceRegistersPortRegistersSystemUInt32', ID = '770'
Method 'SystemVoidCosmosHALBlockDevicePortsSATActorCosmosHALBlockDeviceRegistersPortRegisters', ID = '771'
Method 'SystemVoidSystemCollectionsGenericList1anonymousTypeCosmosHALBlockDevicePortsStoragePortAddCosmosHALBlockDevicePortsStoragePort', ID = '772'
Method 'SystemVoidSystemCollectionsGenericList1EnumeratoranonymousTypeCosmosHALBlockDevicePortsStoragePortctorSystemCollectionsGenericList1anonymousTypeCosmosHALBlockDevicePortsStoragePort', ID = '773'
Method 'SystemStringCosmosCore_PlugsSystemStringImplFormatSystemStringSystemObjectSystemObject', ID = '775'
Method 'SystemStringCosmosCore_PlugsSystemStringImplFormatSystemStringSystemObject', ID = '776'
Method 'SystemBooleanSystemCollectionsGenericList1EnumeratoranonymousTypeCosmosHALBlockDevicePortsStoragePortMoveNextRare', ID = '777'
Method 'SystemVoidSystemCollectionsGenericList1EnumeratoranonymousTypeCosmosHALBlockDevicePortsStoragePortDispose', ID = '781'
Method 'SystemVoidSystemCollectionsGenericList1anonymousTypeCosmosHALKeyboardBasector', ID = '782'
Method 'SystemVoidCosmosSystemScanMapsUS_Standardctor', ID = '784'
Method 'SystemVoidSystemCollectionsGenericQueue1anonymousTypeCosmosSystemKeyEventctor', ID = '786'
Method 'SystemCollectionsGenericIEnumerable1anonymousTypeCosmosHALKeyboardBaseCosmosHALGlobalGetKeyboardDevices', ID = '788'
Method 'SystemVoidCosmosSystemKeyboardManagerAddKeyboardCosmosHALKeyboardBase', ID = '791'
Method 'SystemUInt32CosmosHALPITget_T0DelyNS', ID = '795'
Method 'SystemInt32SystemCollectionsGenericList1anonymousTypeCosmosHALPITPITTimerget_Count', ID = '796'
Method 'CosmosHALPITPITTimerSystemCollectionsGenericList1anonymousTypeCosmosHALPITPITTimerget_ItemSystemInt32', ID = '797'
Method 'SystemVoidSystemCollectionsGenericList1anonymousTypeCosmosHALPITPITTimerRemoveAtSystemInt32', ID = '799'
Method 'SystemVoidCosmosCore_AsmDelegateImplInvoke', ID = '641'
Method 'SystemVoidCosmosCoreINTsSetIntHandlerSystemByteCosmosCoreINTsIRQDelegate', ID = '802'
Method 'SystemConsoleKeyInfoCosmosSystem_PlugsSystemConsoleImplReadKeySystemBoolean', ID = '804'
Method 'SystemCharCosmosCore_PlugsSystemStringImplget_CharsSystemInt32SystemCharpointer', ID = '806'
Method 'SystemVoidSystemCharcctor', ID = '807'
Method 'SystemStringSystemStringCreateFromCharSystemChar', ID = '810'
Method 'SystemVoidSystemArrayEmptyArray1anonymousTypeSystemCharcctor', ID = '815'
Method 'SystemStringarraySystemStringSplitInternalSystemCharpointerSystemInt32SystemInt32SystemStringSplitOptions', ID = '822'
Method 'SystemVoidCosmosSystemPowerShutdown', ID = '827'
Method 'SystemVoidCosmosCore_PlugsSystemEnvironmentImplCCtor', ID = '830'
Method 'SystemVoidSystemBufferMemcpySystemBytepointerSystemBytepointerSystemInt32', ID = '833'
Method 'SystemVoidSystemTextEncodingcctor', ID = '834'
Method 'SystemInt32SystemTextASCIIEncodingGetByteCountSystemString', ID = '841'
Method 'SystemInt32SystemTextASCIIEncodingGetBytesSystemStringSystemInt32SystemInt32SystemBytearraySystemInt32', ID = '843'
Method 'SystemVoidCosmosCore_PlugsSystemTypeImplCCtor', ID = '847'
Method 'SystemVoidCosmosCoreCosmosRuntimeTypector', ID = '850'
Method 'SystemVoidCosmosCommonStringHelpercctor', ID = '851'
Method 'SystemStringCosmosSystem_PlugsSystemUInt64ImplToString', ID = '852'
Method 'SystemChararrayCosmosCore_PlugsSystemStringImplToCharArray', ID = '853'
Method 'SystemVoidCosmosCore_PlugsSystemStringImplCtorSystemChararraySystemStringSystemInt32SystemCharpointer', ID = '854'
Method 'SystemStringSystemSRget_ArgumentOutOfRange_StartIndex', ID = '855'
Method 'SystemVoidSystemArgumentOutOfRangeExceptionctorSystemStringSystemString', ID = '856'
Method 'SystemStringSystemSRget_ArgumentOutOfRange_StartIndexLargerThanLength', ID = '857'
Method 'SystemStringSystemSRget_ArgumentOutOfRange_NegativeLength', ID = '858'
Method 'SystemStringSystemSRget_ArgumentOutOfRange_IndexLength', ID = '859'
Method 'SystemStringSystemStringInternalSubStringSystemInt32SystemInt32', ID = '860'
Method 'SystemStringSystemSRget_ArgumentOutOfRange_ActualValue', ID = '861'
Method 'SystemStringSystemSRFormatSystemStringSystemObject', ID = '862'
Method 'SystemStringSystemSRget_Arg_ParamName_Name', ID = '863'
Method 'SystemStringSystemStringToLower', ID = '865'
Method 'SystemBooleanCosmosCore_PlugsSystemStringImplEqualsHelperSystemStringSystemString', ID = '866'
Method 'SystemStringCosmosSystem_PlugsSystemInt64ImplToString', ID = '867'
Method 'SystemVoidSystemNotImplementedExceptionctor', ID = '870'
Method 'SystemByteCosmosCore_AsmIOPortImplRead8SystemUInt16', ID = '871'
Method 'SystemVoidCosmosCore_AsmIOPortImplWrite8SystemUInt16SystemByte', ID = '872'
Method 'SystemStringCosmosSystem_PlugsSystemEnumImplToString', ID = '876'
Method 'SystemStringCosmosSystem_PlugsSystemUInt16ImplToString', ID = '877'
Method 'SystemVoidCosmosCoreIOGroupPS2Controllerctor', ID = '878'
Method 'SystemVoidCosmosCoreIOGroupPITctor', ID = '879'
Method 'SystemVoidCosmosCoreIOGroupATActorSystemBoolean', ID = '880'
Method 'SystemVoidCosmosCoreIOGroupRTCctor', ID = '881'
Method 'SystemVoidCosmosCoreIOGroupVBEIOGroupctor', ID = '882'
Method 'SystemVoidCosmosHALTextScreenClear', ID = '883'
Method 'SystemVoidCosmosCoreIOGroupPCIctor', ID = '885'
Method 'SystemVoidCosmosCore_AsmIOPortImplWrite32SystemUInt16SystemUInt32', ID = '886'
Method 'SystemUInt32CosmosCore_AsmIOPortImplRead32SystemUInt16', ID = '887'
Method 'SystemVoidSystemCollectionsGenericList1anonymousTypeCosmosHALPCIDeviceAddWithResizeCosmosHALPCIDevice', ID = '888'
Method 'SystemInvalidOperationExceptionSystemThrowHelperGetInvalidOperationExceptionSystemExceptionResource', ID = '891'
Method 'SystemStringCosmosCommonExtensionsToHexStringConvertToHexSystemUInt32', ID = '893'
Method 'SystemStringSystemSRget_ArgumentNull_Generic', ID = '894'
Method 'SystemVoidCosmosCore_PlugsSystemOutOfMemoryExceptionImplCtor', ID = '896'
Method 'SystemVoidCosmosHALPS2Mousecctor', ID = '898'
Method 'SystemVoidCosmosHALPS2MouseSendCommandCosmosHALPS2MouseCommandSystemNullable1anonymousTypeSystemByte', ID = '899'
Method 'SystemBooleanCosmosHALPS2ControllerWaitForDeviceReset', ID = '900'
Method 'SystemByteCosmosHALPS2MouseTryToEnableScrollWheel', ID = '901'
Method 'SystemByteCosmosHALPS2MouseTryToEnableAdditionalButtons', ID = '902'
Method 'SystemVoidCosmosHALPS2MouseHandleMouseCosmosCoreINTsIRQContext', ID = '903'
Method 'SystemVoidCosmosHALPS2KeyboardSendCommandCosmosHALPS2KeyboardCommandSystemNullable1anonymousTypeSystemByte', ID = '904'
Method 'SystemVoidCosmosHALPS2KeyboardHandleIRQCosmosCoreINTsIRQContext', ID = '905'
Method 'SystemCollectionsGenericList1EnumeratoranonymousTypeCosmosHALPCIDeviceSystemCollectionsGenericList1anonymousTypeCosmosHALPCIDeviceGetEnumerator', ID = '909'
Method 'CosmosHALPCIDeviceSystemCollectionsGenericList1EnumeratoranonymousTypeCosmosHALPCIDeviceget_Current', ID = '910'
Method 'SystemBooleanSystemCollectionsGenericList1EnumeratoranonymousTypeCosmosHALPCIDeviceMoveNext', ID = '911'
Method 'SystemVoidCosmosCoreIOGroupPCSpeakerctor', ID = '913'
Method 'SystemVoidCosmosHALBlockDeviceAtaPiocctor', ID = '915'
Method 'SystemStringCosmosHALBlockDeviceAtaPioToString', ID = '916'
Method 'SystemVoidCosmosHALBlockDeviceAtaPioSelectDriveSystemByte', ID = '917'
Method 'CosmosHALBlockDeviceAtaPioStatusCosmosHALBlockDeviceAtaPioSendCmdCosmosHALBlockDeviceAtaPioCmdSystemBoolean', ID = '918'
Method 'CosmosHALBlockDeviceAtaPioStatusCosmosHALBlockDeviceAtaPioSendCmdCosmosHALBlockDeviceAtaPioCmd', ID = '919'
Method 'SystemVoidCosmosCoreIOPortBaseRead16SystemUInt16array', ID = '920'
Method 'SystemStringCosmosHALBlockDeviceAtaPioGetStringSystemUInt16arraySystemInt32SystemInt32', ID = '921'
Method 'SystemVoidSystemCollectionsGenericList1anonymousTypeCosmosHALBlockDeviceBlockDevicector', ID = '922'
Method 'SystemVoidSystemCollectionsGenericList1anonymousTypeCosmosHALBlockDeviceBlockDevicecctor', ID = '923'
Method 'SystemVoidSystemCollectionsGenericList1anonymousTypeCosmosHALBlockDeviceBlockDeviceEnsureCapacitySystemInt32', ID = '929'
Method 'SystemInt64SystemBitConverterReadInt64SystemBytearraySystemInt32', ID = '930'
Method 'SystemInt32SystemBitConverterReadInt32SystemBytearraySystemInt32', ID = '932'
Method 'SystemVoidSystemArrayCopySystemArraySystemInt64SystemArraySystemInt64SystemInt64', ID = '933'
Method 'SystemVoidSystemGuidctorSystemBytearray', ID = '934'
Method 'SystemBooleanSystemGuidop_InequalitySystemGuidSystemGuid', ID = '937'
Method 'SystemVoidCosmosHALBlockDeviceGPTGPartInfoctorSystemGuidSystemGuidSystemUInt64SystemUInt64', ID = '938'
Method 'SystemVoidSystemCollectionsGenericList1anonymousTypeCosmosHALBlockDeviceGPTGPartInfoAddCosmosHALBlockDeviceGPTGPartInfo', ID = '939'
Method 'SystemVoidSystemCollectionsGenericList1anonymousTypeCosmosHALBlockDeviceGPTGPartInfocctor', ID = '940'
Method 'SystemVoidCosmosDebugKernelPlugsAsmDebuggerAsmDoSendNumberSystemInt32', ID = '946'
Method 'SystemArgumentOutOfRangeExceptionSystemThrowHelperGetArgumentOutOfRangeExceptionSystemExceptionArgumentSystemExceptionResource', ID = '947'
Method 'SystemStringCosmosHALBlockDevicePartitionToString', ID = '950'
Method 'SystemVoidCosmosHALBlockDeviceBlockDeviceCheckDataSizeSystemBytearraySystemUInt64', ID = '951'
Method 'SystemVoidCosmosHALBlockDeviceAtaPioSelectSectorSystemUInt64SystemUInt64', ID = '952'
Method 'SystemVoidCosmosCoreIOPortBaseRead8SystemBytearray', ID = '953'
Method 'SystemVoidCosmosHALBlockDeviceBlockDeviceCheckBlockNoSystemUInt64SystemUInt64', ID = '954'
Method 'SystemVoidCosmosHALBlockDeviceMBRPartInfoctorSystemByteSystemUInt32SystemUInt32', ID = '956'
Method 'SystemVoidSystemCollectionsGenericList1anonymousTypeCosmosHALBlockDeviceMBRPartInfoAddCosmosHALBlockDeviceMBRPartInfo', ID = '957'
Method 'SystemVoidCosmosHALBlockDeviceEBRPartInfoctorSystemByteSystemUInt32SystemUInt32', ID = '959'
Method 'SystemVoidSystemCollectionsGenericList1anonymousTypeCosmosHALBlockDeviceEBRPartInfoAddCosmosHALBlockDeviceEBRPartInfo', ID = '960'
Method 'SystemVoidSystemCollectionsGenericList1anonymousTypeCosmosHALBlockDeviceEBRPartInfocctor', ID = '961'
Method 'SystemVoidSystemCollectionsGenericList1anonymousTypeCosmosHALBlockDeviceMBRPartInfocctor', ID = '967'
Method 'SystemVoidCosmosCoreIOPortset_WordSystemUInt16', ID = '974'
Method 'SystemVoidSystemCollectionsGenericList1anonymousTypeCosmosHALBlockDevicePortsStoragePortcctor', ID = '975'
Method 'SystemUInt32CosmosHALBlockDeviceRegistersPortRegistersget_SSTS', ID = '983'
Method 'SystemUInt32CosmosHALBlockDeviceRegistersPortRegistersget_SIG', ID = '984'
Method 'SystemStringSystemSRget_ArgumentOutOfRange_NeedNonNegNum', ID = '985'
Method 'SystemBooleanCosmosHALBlockDeviceAHCIStopCMDCosmosHALBlockDeviceRegistersPortRegisters', ID = '986'
Method 'SystemVoidCosmosHALBlockDevicePortsSATAPortResetCosmosHALBlockDeviceRegistersPortRegisters', ID = '987'
Method 'SystemVoidCosmosHALBlockDeviceRegistersPortRegistersset_CLBSystemUInt32', ID = '988'
Method 'SystemVoidCosmosHALBlockDeviceRegistersPortRegistersset_FBSystemUInt32', ID = '989'
Method 'SystemVoidCosmosHALBlockDeviceRegistersPortRegistersset_SERRSystemUInt32', ID = '990'
Method 'SystemVoidCosmosHALBlockDeviceRegistersPortRegistersset_ISSystemUInt32', ID = '991'
Method 'SystemVoidCosmosHALBlockDeviceRegistersPortRegistersset_IESystemUInt32', ID = '992'
Method 'SystemUInt32CosmosHALBlockDeviceRegistersPortRegistersget_CLB', ID = '993'
Method 'SystemVoidCosmosCoreMemoryBlockFillSystemByte', ID = '994'
Method 'SystemUInt32CosmosHALBlockDeviceRegistersPortRegistersget_FB', ID = '995'
Method 'CosmosHALBlockDeviceRegistersHBACommandHeaderarrayCosmosHALBlockDeviceAHCIGetCommandHeaderCosmosHALBlockDeviceRegistersPortRegisters', ID = '996'
Method 'SystemBooleanCosmosHALBlockDeviceAHCIStartCMDCosmosHALBlockDeviceRegistersPortRegisters', ID = '997'
Method 'SystemVoidCosmosHALBlockDevicePortsStoragePortctor', ID = '999'
Method 'SystemUInt32CosmosHALBlockDeviceRegistersPortRegistersget_CMD', ID = '1000'
Method 'SystemVoidCosmosCoreMemoryGroupAHCIctorSystemUInt32', ID = '1001'
Method 'SystemVoidCosmosHALBlockDevicePortsSATASendSATA28CommandCosmosHALBlockDeviceRegistersATACommandsSystemUInt32SystemUInt32', ID = '1002'
Method 'SystemVoidCosmosCoreMemoryBlockRead16SystemUInt16array', ID = '1004'
Method 'SystemStringCosmosHALBlockDevicePortsSATAGetStringSystemUInt16arraySystemInt32SystemInt32', ID = '1005'
Method 'SystemVoidSystemCollectionsGenericList1anonymousTypeCosmosHALBlockDevicePortsStoragePortAddWithResizeCosmosHALBlockDevicePortsStoragePort', ID = '1006'
Method 'SystemStringCosmosCore_PlugsSystemStringImplFormatHelperSystemIFormatProviderSystemStringSystemObjectarray', ID = '1007'
Method 'SystemVoidSystemThrowHelperThrowInvalidOperationException_InvalidOperation_EnumFailedVersion', ID = '1008'
Method 'SystemVoidCosmosSystemScanMapBasector', ID = '1012'
Method 'CosmosSystemKeyEventarraySystemArrayEmptyCosmosSystemKeyEvent', ID = '1014'
Method 'SystemVoidSystemCollectionsGenericList1anonymousTypeCosmosHALKeyboardBaseAddCosmosHALKeyboardBase', ID = '1016'
Method 'SystemCollectionsGenericIEnumerator1anonymousTypeCosmosHALKeyboardBaseSystemCollectionsGenericList1anonymousTypeCosmosHALKeyboardBaseSystemCollectionsGenericIEnumerableTGetEnumerator', ID = '1018'
Method 'SystemVoidCosmosSystemKeyboardManagerHandleScanCodeSystemByteSystemBoolean', ID = '1019'
Method 'SystemVoidCosmosCore_AsmDelegateImplCtorSystemObjectSystemIntPtr', ID = '801'
Method 'SystemVoidSystemCollectionsGenericList1anonymousTypeCosmosHALPITPITTimercctor', ID = '1021'
Method 'SystemVoidCosmosHALPITPITTimerDispose', ID = '1027'
Method 'CosmosSystemKeyEventCosmosSystemKeyboardManagerReadKey', ID = '1030'
Method 'SystemCharCosmosSystemKeyEventget_KeyChar', ID = '1031'
Method 'SystemVoidCosmosSystem_PlugsSystemConsoleImplWriteSystemChar', ID = '1032'
Method 'SystemConsoleModifiersCosmosSystemKeyEventget_Modifiers', ID = '1033'
Method 'CosmosSystemConsoleKeyExCosmosSystemKeyEventget_Key', ID = '1034'
Method 'SystemConsoleKeyCosmosSystemConsoleKeyExExtensionsToConsoleKeyCosmosSystemConsoleKeyEx', ID = '1035'
Method 'SystemVoidSystemConsoleKeyInfoctorSystemCharSystemConsoleKeySystemBooleanSystemBooleanSystemBoolean', ID = '1036'
Method 'SystemVoidCosmosCore_AsmRuntimeHelpersImplInitializeArraySystemArraySystemRuntimeFieldHandle', ID = '1039'
Method 'SystemStringSystemSRget_ArgumentOutOfRange_NegativeCount', ID = '1041'
Method 'SystemStringSystemSRget_Arg_EnumIllegalVal', ID = '1042'
Method 'SystemVoidSystemArgumentExceptionctorSystemString', ID = '1043'
Method 'SystemStringarraySystemArrayEmptySystemString', ID = '1044'
Method 'SystemInt32SystemStringMakeSeparatorListSystemCharpointerSystemInt32SystemInt32array', ID = '1045'
Method 'SystemStringarraySystemStringSplitOmitEmptyEntriesSystemInt32arraySystemInt32arraySystemInt32SystemInt32SystemInt32', ID = '1046'
Method 'SystemStringarraySystemStringSplitKeepEmptyEntriesSystemInt32arraySystemInt32arraySystemInt32SystemInt32SystemInt32', ID = '1047'
Method 'SystemVoidCosmosHALPowerACPIShutdown', ID = '1049'
Method 'SystemVoidSystemTextASCIIEncodingcctor', ID = '1050'
Method 'SystemVoidCosmosCore_PlugsSystemStringImplcctor', ID = '1052'
Method 'SystemVoidSystemBufferMemmoveSystemBytepointerSystemBytepointerSystemUInt32', ID = '1054'
Method 'SystemVoidSystemTextUTF8EncodingUTF8EncodingSealedctorSystemBoolean', ID = '1055'
Method 'SystemInt32SystemTextEncodingGetByteCountSystemCharpointerSystemInt32SystemTextEncoderNLS', ID = '1058'
Method 'SystemInt32SystemTextASCIIEncodingGetByteCountSystemChararraySystemInt32SystemInt32', ID = '1059'
Method 'SystemStringSystemSRget_ArgumentNull_Array', ID = '1060'
Method 'SystemStringSystemSRget_ArgumentOutOfRange_IndexCount', ID = '1061'
Method 'SystemStringSystemSRget_ArgumentOutOfRange_Index', ID = '1062'
Method 'SystemInt32SystemTextEncodingGetBytesSystemCharpointerSystemInt32SystemBytepointerSystemInt32SystemTextEncoderNLS', ID = '1063'
Method 'SystemInt32SystemTextASCIIEncodingGetBytesSystemChararraySystemInt32SystemInt32SystemBytearraySystemInt32', ID = '1064'
Method 'SystemVoidCosmosHALTextScreenScrollUp', ID = '1065'
Method 'SystemVoidCosmosHALTextScreenset_ItemSystemInt32SystemInt32SystemByte', ID = '1066'
Method 'SystemStringCosmosCoreCosmosRuntimeTypeget_Name', ID = '1068'
Method 'SystemVoidSystemTypector', ID = '1069'
Method 'SystemStringCosmosCommonStringHelperGetNumberStringSystemUInt64', ID = '1073'
Method 'SystemBooleanSystemSRUsingResourceKeys', ID = '1075'
Method 'SystemStringSystemStringJoinSystemStringSystemObjectarray', ID = '1076'
Method 'SystemStringCosmosCommonStringHelperGetNumberStringSystemInt64', ID = '1082'
Method 'SystemStringSystemSRget_Arg_NotImplementedException', ID = '1083'
Method 'SystemVoidCosmosCoreIOPortReadctorSystemUInt16', ID = '1088'
Method 'SystemVoidCosmosCoreIOPortWritectorSystemUInt16', ID = '1089'
Method 'SystemUInt16CosmosCoreIOGroupATAGetBAR0SystemBoolean', ID = '1090'
Method 'SystemUInt16CosmosCoreIOGroupATAGetBAR1SystemBoolean', ID = '1091'
Method 'SystemVoidCosmosCoreIOPortWritectorSystemUInt16SystemUInt16', ID = '1092'
Method 'SystemVoidCosmosCoreIOPortctorSystemUInt16SystemUInt16', ID = '1093'
Method 'SystemVoidCosmosCoreIOPortReadctorSystemUInt16SystemUInt16', ID = '1094'
Method 'SystemVoidCosmosCoreMemoryBlockFillSystemUInt16', ID = '1097'
Method 'SystemVoidCosmosHALTextScreenSetCursorPosSystemInt32SystemInt32', ID = '1098'
Method 'SystemVoidSystemCollectionsGenericList1anonymousTypeCosmosHALPCIDeviceEnsureCapacitySystemInt32', ID = '1099'
Method 'SystemStringSystemThrowHelperGetResourceStringSystemExceptionResource', ID = '1100'
Method 'SystemCharCosmosCommonExtensionsToHexStringDigitToHexCharSystemByte', ID = '1101'
Method 'SystemUInt64CosmosCore_PlugsSystemObjectImplMemberwiseClone', ID = '1103'
Method 'SystemByteCosmosHALPS2Mouseget_PS2Port', ID = '1106'
Method 'SystemVoidCosmosHALPS2ControllerPrepareSecondPortWrite', ID = '1107'
Method 'SystemByteCosmosHALPS2ControllerReadByteAfterAck', ID = '1108'
Method 'SystemBooleanCosmosHALPS2Mouseget_HasScrollWheel', ID = '1109'
Method 'SystemVoidCosmosCore_AsmDelegateImplInvoke', ID = '641'
Method 'SystemByteCosmosHALPS2Keyboardget_PS2Port', ID = '1112'
Method 'SystemVoidCosmosCore_AsmDelegateImplInvoke', ID = '641'
Method 'SystemVoidCosmosHALPS2KeyboardUpdateLeds', ID = '1114'
Method 'SystemVoidSystemCollectionsGenericList1EnumeratoranonymousTypeCosmosHALPCIDevicectorSystemCollectionsGenericList1anonymousTypeCosmosHALPCIDevice', ID = '1115'
Method 'SystemBooleanSystemCollectionsGenericList1EnumeratoranonymousTypeCosmosHALPCIDeviceMoveNextRare', ID = '1116'
Method 'SystemVoidSystemCollectionsGenericList1EnumeratoranonymousTypeCosmosHALPCIDeviceDispose', ID = '1117'
Method 'SystemVoidCosmosHALBlockDeviceAtaPioWait', ID = '1121'
Method 'SystemVoidCosmosHALBlockDeviceAtaPioDebugSystemString', ID = '1124'
Method 'SystemVoidCosmosHALBlockDeviceAtaPioDebugHexSystemStringSystemUInt32', ID = '1125'
Method 'SystemVoidSystemCollectionsGenericList1anonymousTypeCosmosHALBlockDeviceBlockDeviceset_CapacitySystemInt32', ID = '1129'
Method 'SystemVoidSystemThrowHelperThrowArgumentNullExceptionSystemExceptionArgument', ID = '1130'
Method 'SystemVoidSystemThrowHelperThrowArgumentExceptionSystemExceptionResourceSystemExceptionArgument', ID = '1131'
Method 'SystemInt64SystemRuntimeCompilerServicesUnsafeReadUnalignedSystemInt64SystemByte', ID = '1132'
Method 'SystemInt32SystemRuntimeCompilerServicesUnsafeReadUnalignedSystemInt32SystemByte', ID = '1133'
Method 'SystemStringSystemSRget_Arg_GuidArrayCtor', ID = '1134'
Method 'SystemVoidSystemGuidcctor', ID = '1135'
Method 'SystemStringSystemGuidToString', ID = '1136'
Method 'SystemBooleanSystemGuidop_EqualitySystemGuidSystemGuid', ID = '1139'
Method 'SystemVoidSystemCollectionsGenericList1anonymousTypeCosmosHALBlockDeviceGPTGPartInfoAddWithResizeCosmosHALBlockDeviceGPTGPartInfo', ID = '1140'
Method 'SystemStringSystemThrowHelperGetArgumentNameSystemExceptionArgument', ID = '1141'
Method 'SystemVoidCosmosCoreIOPortWriteset_WordSystemUInt16', ID = '1142'
Method 'SystemVoidSystemCollectionsGenericList1anonymousTypeCosmosHALBlockDeviceMBRPartInfoAddWithResizeCosmosHALBlockDeviceMBRPartInfo', ID = '1143'
Method 'SystemVoidSystemCollectionsGenericList1anonymousTypeCosmosHALBlockDeviceEBRPartInfoAddWithResizeCosmosHALBlockDeviceEBRPartInfo', ID = '1145'
Method 'SystemVoidCosmosCore_AsmArrayImplCopySystemArraySystemInt32SystemArraySystemInt32SystemInt32SystemBoolean', ID = '1147'
Method 'SystemVoidCosmosHALBlockDeviceRegistersPortRegistersset_CMDSystemUInt32', ID = '1148'
Method 'SystemVoidCosmosHALBlockDeviceAHCIWaitSystemInt32', ID = '1149'
Method 'SystemUInt32CosmosHALBlockDeviceRegistersPortRegistersget_CI', ID = '1150'
Method 'SystemUInt32CosmosHALBlockDeviceRegistersPortRegistersget_TFD', ID = '1151'
Method 'SystemVoidCosmosHALBlockDeviceAHCIHBAReset', ID = '1152'
Method 'SystemVoidCosmosHALBlockDeviceRegistersPortRegistersset_SCTLSystemUInt32', ID = '1153'
Method 'SystemUInt32CosmosHALBlockDeviceRegistersPortRegistersget_SCTL', ID = '1154'
Method 'SystemVoidCosmosCoreMemoryBlockFillSystemUInt32SystemUInt32SystemByte', ID = '1155'
Method 'SystemVoidCosmosHALBlockDeviceRegistersHBACommandHeaderctorSystemUInt32SystemUInt32', ID = '1158'
Method 'SystemVoidCosmosHALBlockDeviceRegistersHBACommandHeaderset_PRDTLSystemUInt16', ID = '1159'
Method 'SystemVoidCosmosHALBlockDeviceRegistersHBACommandHeaderset_CTBASystemUInt32', ID = '1160'
Method 'SystemVoidCosmosHALBlockDeviceRegistersHBACommandHeaderset_CTBAUSystemUInt32', ID = '1161'
Method 'SystemUInt32CosmosHALBlockDeviceRegistersHBACommandHeaderget_CTBA', ID = '1162'
Method 'SystemVoidCosmosHALBlockDevicePortsSATAcctor', ID = '1163'
Method 'SystemVoidCosmosHALBlockDevicePortsSATAReadBlockSystemUInt64SystemUInt64SystemBytearray', ID = '1164'
Method 'CosmosHALBlockDeviceRegistersPortTypeCosmosHALBlockDevicePortsSATAget_mPortType', ID = '1165'
Method 'SystemStringCosmosHALBlockDevicePortsSATAget_mPortName', ID = '1166'
Method 'SystemUInt32CosmosHALBlockDevicePortsSATAget_mPortNumber', ID = '1167'
Method 'SystemInt32CosmosHALBlockDevicePortsSATAFindCMDSlot', ID = '1169'
Method 'SystemVoidCosmosHALBlockDeviceRegistersHBACommandHeaderset_CFLSystemByte', ID = '1170'
Method 'SystemVoidCosmosHALBlockDeviceRegistersHBACommandHeaderset_WriteSystemByte', ID = '1171'
Method 'SystemUInt16CosmosHALBlockDeviceRegistersHBACommandHeaderget_PRDTL', ID = '1172'
Method 'SystemVoidCosmosHALBlockDeviceRegistersHBACommandTablectorSystemUInt32SystemUInt32', ID = '1173'
Method 'SystemVoidCosmosHALBlockDeviceRegistersHBAPRDTEntryset_DBASystemUInt32', ID = '1175'
Method 'SystemVoidCosmosHALBlockDeviceRegistersHBAPRDTEntryset_DBCSystemUInt32', ID = '1176'
Method 'SystemVoidCosmosHALBlockDeviceRegistersHBAPRDTEntryset_InterruptOnCompletionSystemByte', ID = '1177'
Method 'SystemUInt32CosmosHALBlockDeviceRegistersHBACommandTableget_CFIS', ID = '1178'
Method 'SystemVoidCosmosHALBlockDeviceRegistersFISRegisterH2DctorSystemUInt32', ID = '1179'
Method 'SystemVoidCosmosHALBlockDeviceRegistersFISRegisterH2Dset_FISTypeSystemByte', ID = '1180'
Method 'SystemVoidCosmosHALBlockDeviceRegistersFISRegisterH2Dset_IsCommandSystemByte', ID = '1181'
Method 'SystemVoidCosmosHALBlockDeviceRegistersFISRegisterH2Dset_CommandSystemByte', ID = '1182'
Method 'SystemVoidCosmosHALBlockDeviceRegistersFISRegisterH2Dset_DeviceSystemByte', ID = '1183'
Method 'SystemVoidCosmosHALBlockDeviceRegistersFISRegisterH2Dset_LBA0SystemByte', ID = '1184'
Method 'SystemVoidCosmosHALBlockDeviceRegistersFISRegisterH2Dset_LBA1SystemByte', ID = '1185'
Method 'SystemVoidCosmosHALBlockDeviceRegistersFISRegisterH2Dset_LBA2SystemByte', ID = '1186'
Method 'SystemVoidCosmosHALBlockDeviceRegistersFISRegisterH2Dset_CountLSystemByte', ID = '1187'
Method 'SystemVoidCosmosHALBlockDeviceRegistersPortRegistersset_CISystemUInt32', ID = '1189'
Method 'SystemUInt32CosmosHALBlockDeviceRegistersPortRegistersget_IS', ID = '1190'
Method 'SystemVoidSystemCollectionsGenericList1anonymousTypeCosmosHALBlockDevicePortsStoragePortEnsureCapacitySystemInt32', ID = '1191'
Method 'SystemVoidSystemFormatExceptionctorSystemString', ID = '1193'
Method 'SystemInt32CosmosCommonStringHelperGetStringToNumberSystemString', ID = '1194'
Method 'SystemBooleanSystemCharIsDigitSystemChar', ID = '1195'
Method 'SystemVoidSystemCollectionsGenericList1anonymousTypeCosmosHALKeyboardBasecctor', ID = '1196'
Method 'SystemVoidSystemCollectionsGenericList1anonymousTypeCosmosHALKeyboardBaseAddWithResizeCosmosHALKeyboardBase', ID = '1208'
Method 'SystemVoidSystemCollectionsGenericList1EnumeratoranonymousTypeCosmosHALKeyboardBasectorSystemCollectionsGenericList1anonymousTypeCosmosHALKeyboardBase', ID = '1209'
Method 'SystemBooleanCosmosSystemScanMapBaseScanCodeMatchesKeySystemByteCosmosSystemConsoleKeyEx', ID = '1211'
Method 'SystemBooleanCosmosSystemKeyboardManagerget_CapsLock', ID = '1212'
Method 'SystemVoidCosmosSystemKeyboardManagerUpdateLeds', ID = '1213'
Method 'SystemBooleanCosmosSystemKeyboardManagerget_NumLock', ID = '1214'
Method 'SystemBooleanCosmosSystemKeyboardManagerget_ScrollLock', ID = '1215'
Method 'SystemVoidCosmosSystemKeyboardManagerset_ControlPressedSystemBoolean', ID = '1216'
Method 'SystemVoidCosmosSystemKeyboardManagerset_ShiftPressedSystemBoolean', ID = '1217'
Method 'SystemVoidCosmosSystemKeyboardManagerset_AltPressedSystemBoolean', ID = '1218'
Method 'SystemBooleanCosmosSystemKeyboardManagerget_ControlPressed', ID = '1219'
Method 'SystemBooleanCosmosSystemKeyboardManagerget_AltPressed', ID = '1220'
Method 'SystemVoidCosmosSystemPowerReboot', ID = '1221'
Method 'SystemBooleanCosmosSystemKeyboardManagerGetKeySystemByteCosmosSystemKeyEvent', ID = '1222'
Method 'SystemVoidCosmosSystemKeyboardManagerEnqueueCosmosSystemKeyEvent', ID = '1223'
Method 'SystemVoidCosmosHALPITUnregisterTimerSystemInt32', ID = '1225'
Method 'SystemBooleanCosmosCore_PlugsSystemRuntimeCompilerServicesRuntimeHelpersImplIsReferenceOrContainsReferencesanonymousType', ID = '1227'
Method 'SystemVoidCosmosHALKeyboardBaseWaitForKey', ID = '1229'
Method 'SystemInt32SystemCollectionsGenericQueue1anonymousTypeCosmosSystemKeyEventget_Count', ID = '1230'
Method 'CosmosSystemKeyEventSystemCollectionsGenericQueue1anonymousTypeCosmosSystemKeyEventDequeue', ID = '1231'
Method 'SystemStringSystemSRget_ArgumentOutOfRange_ConsoleKey', ID = '1235'
Method 'SystemBooleanSystemCharIsWhiteSpaceSystemChar', ID = '1241'
Method 'SystemStringSystemStringSubstringSystemInt32', ID = '1242'
Method 'SystemVoidCosmosCoreACPIShutdown', ID = '1244'
Method 'SystemVoidSystemTextASCIIEncodingASCIIEncodingSealedctor', ID = '1245'
Method 'SystemVoidSystemBuffer_MemmoveSystemBytepointerSystemBytepointerSystemUInt32', ID = '1249'
Method 'SystemVoidSystemTextUTF8EncodingctorSystemBoolean', ID = '1251'
Method 'SystemInt32CosmosSystem_PlugsSystemRuntimeRuntimeHelpersImplget_OffsetToStringData', ID = '1252'
Method 'SystemInt32SystemTextASCIIEncodingGetByteCountSystemCharpointerSystemInt32SystemTextEncoderNLS', ID = '1254'
Method 'SystemInt32SystemTextUTF8EncodingGetByteCountSystemCharpointerSystemInt32SystemTextEncoderNLS', ID = '1255'
Method 'SystemInt32SystemTextEncodingGetByteCountSystemCharpointerSystemInt32', ID = '1256'
Method 'SystemStringSystemSRget_ArgumentOutOfRange_IndexCountBuffer', ID = '1257'
Method 'SystemInt32SystemTextASCIIEncodingGetBytesSystemCharpointerSystemInt32SystemBytepointerSystemInt32SystemTextEncoderNLS', ID = '1258'
Method 'SystemInt32SystemTextUTF8EncodingGetBytesSystemCharpointerSystemInt32SystemBytepointerSystemInt32SystemTextEncoderNLS', ID = '1259'
Method 'SystemInt32SystemTextEncodingGetBytesSystemCharpointerSystemInt32SystemBytepointerSystemInt32', ID = '1260'
Method 'SystemVoidCosmosCoreMemoryBlockMoveDownSystemUInt32SystemUInt32SystemUInt32', ID = '1261'
Method 'SystemVoidCosmosCoreMemoryBlockFillSystemUInt32SystemUInt32SystemUInt16', ID = '1262'
Method 'SystemVoidCosmosCoreMemoryBlock08set_ItemSystemUInt32SystemByte', ID = '1263'
Method 'SystemVoidCosmosCore_PlugsSystemTypeImplcctor', ID = '1264'
Method 'SystemVoidSystemReflectionMemberInfoctor', ID = '1265'
Method 'SystemStringSystemStringJoinCoreSystemCharpointerSystemInt32SystemObjectarray', ID = '1266'
Method 'SystemGlobalizationCultureInfoCosmosCore_PlugsSystemGlobalizationCultureInfoImplget_CurrentCulture', ID = '1268'
Method 'SystemStringCosmosCore_PlugsSystemStringImplToLowerSystemGlobalizationCultureInfo', ID = '1269'
Method 'SystemInt32CosmosCore_PlugsSystemStringImplCompareToSystemString', ID = '1270'
Method 'SystemVoidCosmosCoreIOPortBasectorSystemUInt16SystemUInt16', ID = '1271'
Method 'SystemVoidSystemCollectionsGenericList1anonymousTypeCosmosHALPCIDeviceset_CapacitySystemInt32', ID = '1272'
Method 'SystemStringSystemSRGetResourceStringSystemString', ID = '1273'
Method 'SystemUInt16CosmosCore_AsmIOPortImplRead16SystemUInt16', ID = '1280'
Method 'SystemArgumentNullExceptionSystemThrowHelperGetArgumentNullExceptionSystemExceptionArgument', ID = '1281'
Method 'SystemArgumentExceptionSystemThrowHelperGetArgumentExceptionSystemExceptionResourceSystemExceptionArgument', ID = '1282'
Method 'SystemStringSystemGuidToStringSystemStringSystemIFormatProvider', ID = '1284'
Method 'SystemVoidSystemCollectionsGenericList1anonymousTypeCosmosHALBlockDeviceGPTGPartInfoEnsureCapacitySystemInt32', ID = '1285'
Method 'SystemVoidSystemCollectionsGenericList1anonymousTypeCosmosHALBlockDeviceMBRPartInfoEnsureCapacitySystemInt32', ID = '1286'
Method 'SystemVoidSystemCollectionsGenericList1anonymousTypeCosmosHALBlockDeviceEBRPartInfoEnsureCapacitySystemInt32', ID = '1287'
Method 'SystemVoidCosmosCore_AsmIOPortImplWrite16SystemUInt16SystemUInt16', ID = '1288'
Method 'SystemVoidCosmosCoreMemoryOperationsFillSystemBytepointerSystemByteSystemInt32', ID = '1290'
Method 'SystemVoidCosmosCoreMemoryBlock16set_ItemSystemUInt32SystemUInt16', ID = '1296'
Method 'SystemVoidCosmosHALBlockDevicePortsSATASendSATA48CommandCosmosHALBlockDeviceRegistersATACommandsSystemUInt64SystemUInt32', ID = '1297'
Method 'SystemVoidCosmosCoreMemoryBlockRead8SystemBytearray', ID = '1298'
Method 'SystemUInt32CosmosHALBlockDeviceRegistersPortRegistersget_SACT', ID = '1299'
Method 'SystemByteCosmosCoreMemoryBlock08get_ItemSystemUInt32', ID = '1300'
Method 'SystemUInt16CosmosCoreMemoryBlock16get_ItemSystemUInt32', ID = '1301'
Method 'SystemVoidCosmosHALBlockDeviceRegistersHBAPRDTEntryctorSystemUInt32SystemUInt32', ID = '1303'
Method 'SystemBooleanSystemStringIsNullOrWhiteSpaceSystemString', ID = '1306'
Method 'SystemBooleanSystemCharIsLatin1SystemChar', ID = '1307'
Method 'SystemGlobalizationUnicodeCategorySystemGlobalizationCharUnicodeInfoGetUnicodeCategorySystemChar', ID = '1308'
Method 'SystemVoidCosmosSystemScanMapsUS_StandardInitKeys', ID = '1309'
Method 'SystemVoidSystemArrayEmptyArray1anonymousTypeCosmosSystemKeyEventcctor', ID = '1313'
Method 'SystemVoidSystemCollectionsGenericList1anonymousTypeCosmosHALKeyboardBaseEnsureCapacitySystemInt32', ID = '1314'
Method 'SystemVoidSystemCollectionsGenericList1EnumeratoranonymousTypeCosmosHALKeyboardBaseDispose', ID = '1315'
Method 'CosmosHALKeyboardBaseSystemCollectionsGenericList1EnumeratoranonymousTypeCosmosHALKeyboardBaseget_Current', ID = '1316'
Method 'SystemBooleanSystemCollectionsGenericList1EnumeratoranonymousTypeCosmosHALKeyboardBaseMoveNext', ID = '1317'
Method 'CosmosSystemKeyMappingSystemCollectionsGenericList1anonymousTypeCosmosSystemKeyMappingget_ItemSystemInt32', ID = '1318'
Method 'SystemInt32SystemCollectionsGenericList1anonymousTypeCosmosSystemKeyMappingget_Count', ID = '1320'
Method 'SystemCollectionsGenericList1EnumeratoranonymousTypeCosmosHALKeyboardBaseSystemCollectionsGenericList1anonymousTypeCosmosHALKeyboardBaseGetEnumerator', ID = '1321'
Method 'SystemVoidCosmosHALPowerCPUReboot', ID = '1325'
Method 'SystemBooleanCosmosSystemKeyboardManagerget_ShiftPressed', ID = '1327'
Method 'CosmosSystemKeyEventCosmosSystemScanMapBaseConvertScanCodeSystemByteSystemBooleanSystemBooleanSystemBooleanSystemBooleanSystemBooleanSystemBoolean', ID = '1328'
Method 'SystemVoidSystemCollectionsGenericQueue1anonymousTypeCosmosSystemKeyEventEnqueueCosmosSystemKeyEvent', ID = '1329'
Method 'CosmosCoreCPUCosmosCoreGlobalget_CPU', ID = '1331'
Method 'SystemVoidSystemCollectionsGenericQueue1anonymousTypeCosmosSystemKeyEventThrowForEmptyQueue', ID = '1333'
Method 'SystemVoidSystemCollectionsGenericQueue1anonymousTypeCosmosSystemKeyEventMoveNextSystemInt32', ID = '1335'
Method 'SystemVoidSystemArrayEmptyArray1anonymousTypeSystemStringcctor', ID = '1337'
Method 'SystemBooleanSystemCharIsWhiteSpaceLatin1SystemChar', ID = '1343'
Method 'SystemBooleanSystemGlobalizationCharUnicodeInfoIsWhiteSpaceSystemChar', ID = '1344'
Method 'SystemVoidSystemTextASCIIEncodingctor', ID = '1346'
Method 'SystemInt32SystemTextUTF8EncodingGetByteCountSystemString', ID = '1349'
Method 'SystemInt32SystemTextUTF8EncodingGetBytesSystemStringSystemInt32SystemInt32SystemBytearraySystemInt32', ID = '1350'
Method 'SystemInt32SystemTextUTF8EncodingGetByteCountSystemChararraySystemInt32SystemInt32', ID = '1351'
Method 'SystemInt32SystemTextUTF8EncodingGetBytesSystemChararraySystemInt32SystemInt32SystemBytearraySystemInt32', ID = '1352'
Method 'SystemVoidSystemTextUTF8EncodingctorSystemBooleanSystemBoolean', ID = '1353'
Method 'SystemTextEncoderFallbackSystemTextEncoderget_Fallback', ID = '1356'
Method 'SystemBooleanSystemTextEncoderget_InternalHasFallbackBuffer', ID = '1358'
Method 'SystemTextEncoderFallbackBufferSystemTextEncoderget_FallbackBuffer', ID = '1359'
Method 'SystemStringSystemSRget_Argument_EncoderFallbackNotEmpty', ID = '1361'
Method 'SystemStringSystemTextEncodingget_EncodingName', ID = '1362'
Method 'SystemStringSystemSRFormatSystemStringSystemObjectSystemObject', ID = '1363'
Method 'SystemVoidSystemTextEncoderFallbackBufferInternalInitializeSystemCharpointerSystemCharpointerSystemTextEncoderNLSSystemBoolean', ID = '1364'
Method 'SystemTextEncoderFallbackSystemTextEncodingget_EncoderFallback', ID = '1365'
Method 'SystemBooleanSystemTextEncoderFallbackBufferInternalFallbackSystemCharSystemCharpointer', ID = '1367'
Method 'SystemCharSystemTextEncoderFallbackBufferInternalGetNextChar', ID = '1369'
Method 'SystemBooleanSystemTextUTF8EncodingInRangeSystemInt32SystemInt32SystemInt32', ID = '1372'
Method 'SystemBooleanSystemTextEncoderNLSget_MustFlush', ID = '1373'
Method 'SystemInt32SystemTextUTF8EncodingPtrDiffSystemCharpointerSystemCharpointer', ID = '1374'
Method 'SystemInt32SystemTextASCIIEncodingGetByteCountSystemCharpointerSystemInt32', ID = '1375'
Method 'SystemInt32SystemTextUTF8EncodingGetByteCountSystemCharpointerSystemInt32', ID = '1376'
Method 'SystemStringSystemTextEncoderReplacementFallbackget_DefaultString', ID = '1377'
Method 'SystemVoidSystemTextEncodingThrowBytesOverflowSystemTextEncoderNLSSystemBoolean', ID = '1378'
Method 'SystemInt32SystemTextUTF8EncodingPtrDiffSystemBytepointerSystemBytepointer', ID = '1380'
Method 'SystemInt32SystemTextASCIIEncodingGetBytesSystemCharpointerSystemInt32SystemBytepointerSystemInt32', ID = '1381'
Method 'SystemInt32SystemTextUTF8EncodingGetBytesSystemCharpointerSystemInt32SystemBytepointerSystemInt32', ID = '1382'
Method 'SystemVoidCosmosCoreMemoryOperationsFillSystemUInt16pointerSystemUInt16SystemInt32', ID = '1384'
Method 'SystemTextStringBuilderSystemTextStringBuilderCacheAcquireSystemInt32', ID = '1386'
Method 'SystemTextStringBuilderSystemTextStringBuilderAppendSystemString', ID = '1387'
Method 'SystemTextStringBuilderSystemTextStringBuilderAppendSystemCharpointerSystemInt32', ID = '1388'
Method 'SystemStringSystemTextStringBuilderCacheGetStringAndReleaseSystemTextStringBuilder', ID = '1389'
Method 'SystemStringSystemGlobalizationCultureInfoToString', ID = '1391'
Method 'SystemStringCosmosCore_PlugsSystemStringImplChangeCasingSystemStringSystemInt32SystemInt32SystemInt32', ID = '1393'
Method 'SystemStringSystemSRget_Format_InvalidGuidFormatSpecification', ID = '1394'
Method 'SystemInt32SystemGuidHexsToCharsSystemCharpointerSystemInt32SystemInt32', ID = '1395'
Method 'SystemInt32SystemGuidHexsToCharsHexOutputSystemCharpointerSystemInt32SystemInt32', ID = '1396'
Method 'SystemVoidSystemCollectionsGenericList1anonymousTypeCosmosHALBlockDeviceGPTGPartInfoset_CapacitySystemInt32', ID = '1397'
Method 'SystemVoidSystemCollectionsGenericList1anonymousTypeCosmosHALBlockDeviceMBRPartInfoset_CapacitySystemInt32', ID = '1398'
Method 'SystemVoidSystemCollectionsGenericList1anonymousTypeCosmosHALBlockDeviceEBRPartInfoset_CapacitySystemInt32', ID = '1399'
Method 'SystemVoidCosmosHALBlockDeviceRegistersFISRegisterH2Dset_LBA3SystemByte', ID = '1402'
Method 'SystemVoidCosmosHALBlockDeviceRegistersFISRegisterH2Dset_LBA4SystemByte', ID = '1403'
Method 'SystemVoidCosmosHALBlockDeviceRegistersFISRegisterH2Dset_LBA5SystemByte', ID = '1404'
Method 'SystemVoidCosmosHALBlockDeviceRegistersFISRegisterH2Dset_CountHSystemByte', ID = '1405'
Method 'SystemVoidSystemCollectionsGenericList1anonymousTypeCosmosSystemKeyMappingctorSystemInt32', ID = '1409'
Method 'SystemVoidCosmosSystemKeyMappingctorSystemByteCosmosSystemConsoleKeyEx', ID = '1410'
Method 'SystemVoidSystemCollectionsGenericList1anonymousTypeCosmosSystemKeyMappingAddCosmosSystemKeyMapping', ID = '1411'
Method 'SystemVoidCosmosSystemKeyMappingctorSystemByteSystemCharSystemCharSystemCharSystemCharSystemCharSystemCharCosmosSystemConsoleKeyEx', ID = '1412'
Method 'SystemVoidCosmosSystemKeyMappingctorSystemByteSystemCharCosmosSystemConsoleKeyEx', ID = '1413'
Method 'SystemVoidCosmosSystemKeyMappingctorSystemByteSystemCharSystemCharSystemCharSystemCharSystemCharSystemCharCosmosSystemConsoleKeyExCosmosSystemConsoleKeyEx', ID = '1414'
Method 'SystemVoidSystemCollectionsGenericList1anonymousTypeCosmosHALKeyboardBaseset_CapacitySystemInt32', ID = '1415'
Method 'SystemBooleanSystemCollectionsGenericList1EnumeratoranonymousTypeCosmosHALKeyboardBaseMoveNextRare', ID = '1416'
Method 'SystemVoidCosmosCoreCPUReboot', ID = '1418'
Method 'SystemVoidCosmosSystemKeyEventctor', ID = '1419'
Method 'SystemVoidCosmosSystemKeyEventset_ModifiersSystemConsoleModifiers', ID = '1420'
Method 'SystemVoidCosmosSystemKeyEventset_TypeCosmosSystemKeyEventKeyEventType', ID = '1421'
Method 'SystemVoidCosmosSystemKeyEventset_KeyCharSystemChar', ID = '1422'
Method 'SystemVoidCosmosSystemKeyEventset_KeyCosmosSystemConsoleKeyEx', ID = '1423'
Method 'SystemVoidSystemCollectionsGenericQueue1anonymousTypeCosmosSystemKeyEventSetCapacitySystemInt32', ID = '1424'
Method 'SystemVoidCosmosCore_AsmCPUImplHalt', ID = '1425'
Method 'SystemStringSystemSRget_InvalidOperation_EmptyQueue', ID = '1426'
Method 'SystemVoidSystemTextEncodingctorSystemInt32', ID = '1427'
Method 'SystemVoidCosmosCore_PlugsSystemBufferImpl__MemmoveSystemBytepointerSystemBytepointerSystemUInt32', ID = '1428'
Method 'SystemVoidSystemTextUTF8Encodingcctor', ID = '1429'
Method 'SystemVoidSystemTextEncodingSetDefaultFallbacks', ID = '1430'
Method 'SystemTextEncoderFallbackSystemTextEncoderFallbackget_ReplacementFallback', ID = '1432'
Method 'SystemInt32SystemTextEncoderReplacementFallbackget_MaxCharCount', ID = '1433'
Method 'SystemBooleanSystemCharIsHighSurrogateSystemChar', ID = '1435'
Method 'SystemBooleanSystemCharIsLowSurrogateSystemChar', ID = '1436'
Method 'SystemInt32SystemCharConvertToUtf32SystemCharSystemChar', ID = '1437'
Method 'SystemVoidSystemTextEncoderFallbackBufferThrowLastCharRecursiveSystemInt32', ID = '1438'
Method 'SystemTextEncoderFallbackBufferSystemTextEncoderReplacementFallbackCreateFallbackBuffer', ID = '1441'
Method 'SystemTextEncoderFallbackBufferCosmosCore_PlugsSystemTextEncoderFallbackImplCreateFallbackBuffer', ID = '1442'
Method 'SystemVoidSystemTextEncoderFallbackBufferInternalReset', ID = '1444'
Method 'SystemVoidSystemTextEncodingThrowBytesOverflow', ID = '1445'
Method 'SystemVoidSystemTextEncoderNLSClearMustFlush', ID = '1446'
Method 'SystemVoidCosmosCore_PlugsMemoryOperationsMemoryOperationsImplCopySystemBytepointerSystemBytepointerSystemInt32', ID = '1447'
Method 'SystemInt32SystemTextStringBuilderget_Capacity', ID = '1452'
Method 'SystemTextStringBuilderSystemTextStringBuilderClear', ID = '1453'
Method 'SystemVoidSystemTextStringBuilderctorSystemInt32', ID = '1454'
Method 'SystemVoidSystemTextStringBuilderAppendHelperSystemString', ID = '1455'
Method 'SystemInt32SystemTextStringBuilderget_Length', ID = '1456'
Method 'SystemStringSystemSRget_ArgumentOutOfRange_LengthGreaterThanCapacity', ID = '1457'
Method 'SystemVoidSystemTextStringBuilderThreadSafeCopySystemCharpointerSystemChararraySystemInt32SystemInt32', ID = '1458'
Method 'SystemVoidSystemTextStringBuilderExpandByABlockSystemInt32', ID = '1459'
Method 'SystemVoidSystemTextStringBuilderCacheReleaseSystemTextStringBuilder', ID = '1460'
Method 'SystemVoidCosmosCore_PlugsSystemGlobalizationCultureInfoImplCCtor', ID = '1461'
Method 'SystemCharSystemGuidHexToCharSystemInt32', ID = '1462'
Method 'SystemVoidCosmosCore_PlugsMemoryOperationsMemoryOperationsImplFillSystemBytepointerSystemInt32SystemInt32', ID = '1463'
Method 'SystemByteCosmosCore_PlugsSystemGlobalizationCharUnicodeInfoImplInternalGetUnicodeCategorySystemInt32', ID = '1465'
Method 'SystemVoidSystemCollectionsGenericList1anonymousTypeCosmosSystemKeyMappingAddWithResizeCosmosSystemKeyMapping', ID = '1467'
Method 'SystemVoidCosmosSystemKeyMappingctorSystemByteSystemCharSystemCharSystemCharSystemCharSystemCharSystemCharSystemCharSystemCharSystemCharSystemCharCosmosSystemConsoleKeyEx', ID = '1468'
Method 'SystemVoidCosmosSystemKeyMappingctorSystemByteSystemCharSystemCharSystemCharSystemCharSystemCharSystemCharSystemCharCosmosSystemConsoleKeyExCosmosSystemConsoleKeyEx', ID = '1469'
Method 'SystemVoidSystemCollectionsGenericList1anonymousTypeCosmosSystemKeyMappingcctor', ID = '1470'
Method 'SystemVoidSystemTextASCIIEncodingSetDefaultFallbacks', ID = '1479'
Method 'SystemVoidSystemTextUTF8EncodingSetDefaultFallbacks', ID = '1480'
Method 'SystemVoidSystemTextInternalEncoderBestFitFallbackctorSystemTextEncoding', ID = '1481'
Method 'SystemVoidSystemTextInternalDecoderBestFitFallbackctorSystemTextEncoding', ID = '1482'
Method 'SystemVoidSystemThreadingMonitorEnterSystemObjectSystemBoolean', ID = '1485'
Method 'SystemVoidSystemTextEncoderReplacementFallbackctor', ID = '1486'
Method 'SystemStringSystemSRget_ArgumentOutOfRange_InvalidHighSurrogate', ID = '1488'
Method 'SystemStringSystemSRget_ArgumentOutOfRange_InvalidLowSurrogate', ID = '1489'
Method 'SystemStringSystemSRget_Argument_RecursiveFallback', ID = '1490'
Method 'SystemVoidSystemTextEncoderReplacementFallbackBufferctorSystemTextEncoderReplacementFallback', ID = '1491'
Method 'SystemVoidSystemTextEncoderFallbackBufferReset', ID = '1493'
Method 'SystemStringSystemSRget_Argument_EncodingConversionOverflowBytes', ID = '1494'
Method 'SystemVoidCosmosCore_PlugsMemoryOperationsMemoryOperationsImplCopyTinySystemBytepointerSystemBytepointerSystemInt32', ID = '1496'
Method 'SystemInt32SystemMathDivRemSystemInt32SystemInt32SystemInt32', ID = '1497'
Method 'SystemVoidCosmosCore_PlugsMemoryOperationsMemoryOperationsImplCopy128BlocksSystemBytepointerSystemBytepointerSystemInt32', ID = '1498'
Method 'SystemStringSystemTextStringBuilderToString', ID = '1499'
Method 'SystemVoidSystemTextStringBuilderset_LengthSystemInt32', ID = '1500'
Method 'SystemVoidSystemTextStringBuilderctorSystemInt32SystemInt32', ID = '1501'
Method 'SystemStringSystemSRget_ArgumentOutOfRange_SmallCapacity', ID = '1502'
Method 'SystemInt32SystemMathMinSystemInt32SystemInt32', ID = '1503'
Method 'SystemInt32SystemMathMaxSystemInt32SystemInt32', ID = '1504'
Method 'SystemVoidSystemTextStringBuilderctorSystemTextStringBuilder', ID = '1505'
Method 'SystemVoidCosmosCore_PlugsMemoryOperationsMemoryOperationsImplFill16BlocksSystemBytepointerSystemInt32SystemInt32', ID = '1506'
Method 'SystemVoidCosmosCore_PlugsSystemCharUnicodeInfoImplCctor', ID = '1507'
Method 'SystemVoidSystemCollectionsGenericList1anonymousTypeCosmosSystemKeyMappingEnsureCapacitySystemInt32', ID = '1509'
Method 'SystemVoidCosmosSystemKeyMappingctorSystemByteSystemCharSystemCharSystemCharSystemCharSystemCharSystemCharSystemCharSystemCharSystemCharSystemCharCosmosSystemConsoleKeyExCosmosSystemConsoleKeyEx', ID = '1510'
Method 'SystemTextDecoderFallbackSystemTextDecoderFallbackget_ReplacementFallback', ID = '1511'
Method 'SystemTextEncoderFallbackSystemTextEncoderFallbackget_ExceptionFallback', ID = '1512'
Method 'SystemTextDecoderFallbackSystemTextDecoderFallbackget_ExceptionFallback', ID = '1513'
Method 'SystemVoidSystemTextEncoderReplacementFallbackctorSystemString', ID = '1514'
Method 'SystemVoidSystemTextDecoderReplacementFallbackctorSystemString', ID = '1515'
Method 'SystemVoidSystemTextEncoderFallbackctor', ID = '1517'
Method 'SystemVoidSystemTextDecoderFallbackctor', ID = '1519'
Method 'SystemObjectCosmosCore_PlugsSystemTextEncoderFallbackImplget_InternalSyncObject', ID = '1521'
Method 'SystemVoidSystemThreadingMonitorThrowLockTakenException', ID = '1524'
Method 'SystemVoidCosmosCore_PlugsSystemThreadingMonitorImplExitSystemObject', ID = '1526'
Method 'SystemVoidSystemTextEncoderFallbackBufferctor', ID = '1528'
Method 'SystemVoidSystemTextEncoderReplacementFallbackBufferReset', ID = '1529'
Method 'SystemVoidCosmosCore_PlugsMemoryOperationsMemoryOperationsImplCopy64BytesSystemBytepointerSystemBytepointer', ID = '1530'
Method 'SystemVoidCosmosCore_PlugsMemoryOperationsMemoryOperationsImplCopy16BytesSystemBytepointerSystemBytepointer', ID = '1531'
Method 'SystemVoidCosmosCore_PlugsMemoryOperationsMemoryOperationsImplCopy32BytesSystemBytepointerSystemBytepointer', ID = '1532'
Method 'SystemVoidCosmosCore_PlugsMemoryOperationsMemoryOperationsImplCopy128BytesSystemBytepointerSystemBytepointer', ID = '1533'
Method 'SystemInt32SystemTextStringBuilderget_MaxCapacity', ID = '1535'
Method 'SystemTextStringBuilderSystemTextStringBuilderAppendSystemCharSystemInt32', ID = '1536'
Method 'SystemTextStringBuilderSystemTextStringBuilderFindChunkForIndexSystemInt32', ID = '1537'
Method 'SystemStringSystemSRget_ArgumentOutOfRange_Capacity', ID = '1538'
Method 'SystemStringSystemSRget_ArgumentOutOfRange_SmallMaxCapacity', ID = '1539'
Method 'SystemStringSystemSRget_ArgumentOutOfRange_MustBePositive', ID = '1540'
Method 'SystemVoidSystemCollectionsGenericList1anonymousTypeCosmosSystemKeyMappingset_CapacitySystemInt32', ID = '1542'
Method 'SystemVoidSystemTextDecoderReplacementFallbackctor', ID = '1545'
Method 'SystemVoidSystemTextEncoderExceptionFallbackctor', ID = '1547'
Method 'SystemVoidSystemTextDecoderExceptionFallbackctor', ID = '1549'
Method 'SystemBooleanSystemCharIsSurrogateSystemStringSystemInt32', ID = '1550'
Method 'SystemBooleanSystemCharIsHighSurrogateSystemStringSystemInt32', ID = '1551'
Method 'SystemStringSystemSRget_Argument_InvalidCharSequenceNoIndex', ID = '1552'
Method 'SystemInt32SystemTextInternalEncoderBestFitFallbackget_MaxCharCount', ID = '1554'
Method 'SystemStringSystemSRget_Argument_MustBeFalse', ID = '1556'
Method 'SystemVoidCosmosCore_PlugsSystemThreadingMonitorImplReliableEnterSystemObjectSystemBoolean', ID = '1557'
Method 'SystemInt32SystemTextEncoderReplacementFallbackBufferget_Remaining', ID = '1559'
Method 'SystemBooleanSystemTextEncoderReplacementFallbackBufferMovePrevious', ID = '1560'
Method 'SystemBooleanSystemTextEncoderReplacementFallbackBufferFallbackSystemCharSystemCharSystemInt32', ID = '1561'
Method 'SystemBooleanSystemTextEncoderReplacementFallbackBufferFallbackSystemCharSystemInt32', ID = '1562'
Method 'SystemCharSystemTextEncoderReplacementFallbackBufferGetNextChar', ID = '1563'
Method 'SystemVoidSystemMathcctor', ID = '1564'
Method 'SystemObjectCosmosCore_PlugsSystemTextDecoderFallbackImplget_InternalSyncObject', ID = '1565'
Method 'SystemBooleanSystemCharIsSurrogateSystemChar', ID = '1568'
Method 'SystemTextEncoderFallbackBufferCosmosCore_PlugsSystemTextInternalEncoderBestFitFallbackImplCreateFallbackBuffer', ID = '1569'
Method 'SystemStringSystemSRget_ArgumentOutOfRange_Range', ID = '1570'
Method 'SystemInt32SystemTextEncoderExceptionFallbackget_MaxCharCount', ID = '1575'
Method 'SystemTextEncoderFallbackBufferSystemTextEncoderExceptionFallbackCreateFallbackBuffer', ID = '1576'
Method 'SystemVoidSystemTextEncoderExceptionFallbackBufferctor', ID = '1578'
Method 'SystemInt32SystemTextEncoderExceptionFallbackBufferget_Remaining', ID = '1580'
Method 'SystemBooleanSystemTextEncoderExceptionFallbackBufferMovePrevious', ID = '1581'
Method 'SystemBooleanSystemTextEncoderExceptionFallbackBufferFallbackSystemCharSystemCharSystemInt32', ID = '1582'
Method 'SystemBooleanSystemTextEncoderExceptionFallbackBufferFallbackSystemCharSystemInt32', ID = '1583'
Method 'SystemCharSystemTextEncoderExceptionFallbackBufferGetNextChar', ID = '1584'
Method 'SystemStringSystemSRget_Argument_InvalidCodePageConversionIndex', ID = '1585'
Method 'SystemVoidSystemTextEncoderFallbackExceptionctorSystemStringSystemCharSystemCharSystemInt32', ID = '1586'
Method 'SystemVoidSystemTextEncoderFallbackExceptionctorSystemStringSystemCharSystemInt32', ID = '1587'
ystemVoidSystemThreadingMonitorThrowLockTakenException', ID = '1643'
Method 'SystemVoidCosmosCore_PlugsSystemThreadingMonitorImplExitSystemObject', ID = '1645'
Method 'SystemVoidSystemTextEncoderFallbackBufferctor', ID = '1647'
Method 'SystemVoidSystemTextEncoderReplacementFallbackBufferReset', ID = '1648'
Method 'SystemVoidCosmosCore_PlugsMemoryOperationsMemoryOperationsImplCopy64BytesSystemBytepointerSystemBytepointer', ID = '1649'
Method 'SystemVoidCosmosCore_PlugsMemoryOperationsMemoryOperationsImplCopy16BytesSystemBytepointerSystemBytepointer', ID = '1650'
Method 'SystemVoidCosmosCore_PlugsMemoryOperationsMemoryOperationsImplCopy32BytesSystemBytepointerSystemBytepointer', ID = '1651'
Method 'SystemVoidCosmosCore_PlugsMemoryOperationsMemoryOperationsImplCopy128BytesSystemBytepointerSystemBytepointer', ID = '1652'
Method 'SystemInt32SystemTextStringBuilderget_MaxCapacity', ID = '1654'
Method 'SystemTextStringBuilderSystemTextStringBuilderFindChunkForIndexSystemInt32', ID = '1655'
Method 'SystemStringSystemSRget_ArgumentOutOfRange_Capacity', ID = '1656'
Method 'SystemStringSystemSRget_ArgumentOutOfRange_SmallMaxCapacity', ID = '1657'
Method 'SystemStringSystemSRget_ArgumentOutOfRange_MustBePositive', ID = '1658'
Method 'SystemVoidSystemCollectionsGenericList1anonymousTypeCosmosSystemKeyMappingset_CapacitySystemInt32', ID = '1660'
Method 'SystemBytearraySystemBitConverterGetBytesSystemSingle', ID = '1661'
Method 'SystemInt32SystemBitConverterToInt32SystemBytearraySystemInt32', ID = '1662'
Method 'SystemVoidCosmosSystem_PlugsSystemDateTimeImplcctor', ID = '1663'
Method 'SystemStringCosmosSystem_PlugsSystemDateTimeImplToShortDateString', ID = '1664'
Method 'SystemStringCosmosSystem_PlugsSystemDateTimeImplToLongTimeString', ID = '1665'
Method 'SystemVoidSystemTextDecoderReplacementFallbackctor', ID = '1668'
Method 'SystemVoidSystemTextEncoderExceptionFallbackctor', ID = '1670'
Method 'SystemVoidSystemTextDecoderExceptionFallbackctor', ID = '1672'
Method 'SystemBooleanSystemCharIsSurrogateSystemStringSystemInt32', ID = '1673'
Method 'SystemBooleanSystemCharIsHighSurrogateSystemStringSystemInt32', ID = '1674'
Method 'SystemStringSystemSRget_Argument_InvalidCharSequenceNoIndex', ID = '1675'
Method 'SystemInt32SystemTextInternalEncoderBestFitFallbackget_MaxCharCount', ID = '1677'
Method 'SystemStringSystemSRget_Argument_MustBeFalse', ID = '1679'
Method 'SystemVoidCosmosCore_PlugsSystemThreadingMonitorImplReliableEnterSystemObjectSystemBoolean', ID = '1680'
Method 'SystemInt32SystemTextEncoderReplacementFallbackBufferget_Remaining', ID = '1682'
Method 'SystemBooleanSystemTextEncoderReplacementFallbackBufferMovePrevious', ID = '1683'
Method 'SystemBooleanSystemTextEncoderReplacementFallbackBufferFallbackSystemCharSystemCharSystemInt32', ID = '1684'
Method 'SystemBooleanSystemTextEncoderReplacementFallbackBufferFallbackSystemCharSystemInt32', ID = '1685'
Method 'SystemCharSystemTextEncoderReplacementFallbackBufferGetNextChar', ID = '1686'
Method 'SystemVoidSystemMathcctor', ID = '1687'
Method 'SystemSingleSystemRuntimeCompilerServicesUnsafeAsSystemByteSystemSingleSystemByte', ID = '1688'
Method 'SystemInt32SystemDateTimeget_Month', ID = '1691'
Method 'SystemInt32SystemDateTimeget_Day', ID = '1692'
Method 'SystemInt32SystemDateTimeget_Year', ID = '1693'
Method 'SystemInt32SystemDateTimeget_Hour', ID = '1694'
Method 'SystemInt32SystemDateTimeget_Minute', ID = '1695'
Method 'SystemInt32SystemDateTimeget_Second', ID = '1696'
Method 'SystemObjectCosmosCore_PlugsSystemTextDecoderFallbackImplget_InternalSyncObject', ID = '1697'
Method 'SystemBooleanSystemCharIsSurrogateSystemChar', ID = '1700'
Method 'SystemTextEncoderFallbackBufferCosmosCore_PlugsSystemTextInternalEncoderBestFitFallbackImplCreateFallbackBuffer', ID = '1701'
Method 'SystemStringSystemSRget_ArgumentOutOfRange_Range', ID = '1702'
Method 'SystemInt32SystemDateTimeGetDatePartSystemInt32', ID = '1706'
Method 'SystemInt64SystemDateTimeget_InternalTicks', ID = '1707'
Method 'SystemInt32SystemTextEncoderExceptionFallbackget_MaxCharCount', ID = '1709'
Method 'SystemTextEncoderFallbackBufferSystemTextEncoderExceptionFallbackCreateFallbackBuffer', ID = '1710'
Method 'SystemVoidSystemTextEncoderExceptionFallbackBufferctor', ID = '1712'
Method 'SystemInt32SystemTextEncoderExceptionFallbackBufferget_Remaining', ID = '1714'
Method 'SystemBooleanSystemTextEncoderExceptionFallbackBufferMovePrevious', ID = '1715'
Method 'SystemBooleanSystemTextEncoderExceptionFallbackBufferFallbackSystemCharSystemCharSystemInt32', ID = '1716'
Method 'SystemBooleanSystemTextEncoderExceptionFallbackBufferFallbackSystemCharSystemInt32', ID = '1717'
Method 'SystemCharSystemTextEncoderExceptionFallbackBufferGetNextChar', ID = '1718'
Method 'SystemStringSystemSRget_Argument_InvalidCodePageConversionIndex', ID = '1719'
Method 'SystemVoidSystemTextEncoderFallbackExceptionctorSystemStringSystemCharSystemCharSystemInt32', ID = '1720'
Method 'SystemVoidSystemTextEncoderFallbackExceptionctorSystemStringSystemCharSystemInt32', ID = '1721'
